<?xml version="1.0" encoding="UTF-8"?>
<!-- Generated by org.testng.reporters.JUnitXMLReporter -->
<testsuite hostname="BSIKAPUNVM1" ignored="0" name="Test" tests="2" failures="2" timestamp="05 Jul 2021 07:10:38 GMT" time="45.897" errors="0">
  <testcase name="DCTQuickQuoteFlowTest1" time="26.428" classname="com.common.qa.testcases.DCTQuickQuoteTest">
    <failure type="java.lang.IllegalArgumentException" message="Keys to send should be a not null CharSequence">
      <![CDATA[java.lang.IllegalArgumentException: Keys to send should be a not null CharSequence
at org.openqa.selenium.remote.RemoteWebElement.sendKeys(RemoteWebElement.java:97)
at com.framework.pages.BasePage.sendKeysWithoutClick(BasePage.java:34)
at com.framework.pages.QuickQuotePage.priorClaimHistory(QuickQuotePage.java:124)
at com.common.qa.testcases.DCTQuickQuoteTest.DCTQuickQuoteFlowTest1(DCTQuickQuoteTest.java:68)
at java.util.concurrent.FutureTask.run(FutureTask.java:266)
at java.util.concurrent.Executors$RunnableAdapter.call(Executors.java:511)
at java.util.concurrent.FutureTask.run(FutureTask.java:266)
at java.util.concurrent.ThreadPoolExecutor.runWorker(ThreadPoolExecutor.java:1149)
at java.util.concurrent.ThreadPoolExecutor$Worker.run(ThreadPoolExecutor.java:624)
at java.lang.Thread.run(Thread.java:748)
... Removed 9 stack frames]]>
    </failure>
  </testcase> <!-- DCTQuickQuoteFlowTest1 -->
  <testcase name="DCTQuickQuoteFlowTest" time="28.523" classname="com.common.qa.testcases.DCTQuickQuoteTest">
    <failure type="java.lang.NullPointerException">
      <![CDATA[java.lang.NullPointerException
at com.framework.pages.QuickQuotePage.limitanddeductible(QuickQuotePage.java:180)
at com.common.qa.testcases.DCTQuickQuoteTest.DCTQuickQuoteFlowTest(DCTQuickQuoteTest.java:39)
at java.util.concurrent.FutureTask.run(FutureTask.java:266)
at java.util.concurrent.Executors$RunnableAdapter.call(Executors.java:511)
at java.util.concurrent.FutureTask.run(FutureTask.java:266)
at java.util.concurrent.ThreadPoolExecutor.runWorker(ThreadPoolExecutor.java:1149)
at java.util.concurrent.ThreadPoolExecutor$Worker.run(ThreadPoolExecutor.java:624)
at java.lang.Thread.run(Thread.java:748)
... Removed 9 stack frames]]>
    </failure>
  </testcase> <!-- DCTQuickQuoteFlowTest -->
</testsuite> <!-- Test -->
