<?xml version="1.0" encoding="UTF-8"?>
<!-- Generated by org.testng.reporters.JUnitXMLReporter -->
<testsuite hostname="BSIKAPUNVM1" ignored="0" name="Test" tests="5" failures="5" timestamp="10 Aug 2021 09:48:59 GMT" time="100.559" errors="0">
  <testcase name="QuickQuoteFlowTest2" time="26.885" classname="com.common.qa.testcases.DCTQuickQuoteTest2">
    <failure type="org.openqa.selenium.ElementClickInterceptedException" message="element click intercepted: Element &amp;lt;input id=&amp;quot;f_l82362BA328C34F07B639E2BD26CC018B37_4_1-inputEl&amp;quot; data-ref=&amp;quot;inputEl&amp;quot; type=&amp;quot;text&amp;quot; fieldref=&amp;quot;LineUnderwritingInput.Underwriter&amp;quot; objectref=&amp;quot;l82362BA328C34F07B639E2BD26CC018B&amp;quot; size=&amp;quot;1&amp;quot; name=&amp;quot;f_l82362BA328C34F07B639E2BD26CC018B37_4_1-inputEl&amp;quot; placeholder=&amp;quot;(Select)&amp;quot; aria-hidden=&amp;quot;false&amp;quot; aria-disabled=&amp;quot;false&amp;quot; role=&amp;quot;combobox&amp;quot; aria-haspopup=&amp;quot;true&amp;quot; aria-expanded=&amp;quot;false&amp;quot; aria-owns=&amp;quot;f_l82362BA328C34F07B639E2BD26CC018B37_4_1-inputEl f_l82362BA328C34F07B639E2BD26CC018B37_4_1-picker-listEl&amp;quot; aria-autocomplete=&amp;quot;list&amp;quot; aria-invalid=&amp;quot;false&amp;quot; aria-readonly=&amp;quot;false&amp;quot; aria-describedby=&amp;quot;f_l82362BA328C34F07B639E2BD26CC018B37_4_1-ariaStatusEl&amp;quot; aria-required=&amp;quot;true&amp;quot; class=&amp;quot;x-form-field x-form-required-field x-form-text x-form-text-default &amp;quot; autocomplete=&amp;quot;off&amp;quot; data-componentid=&amp;quot;f_l82362BA328C34F07B639E2BD26CC018B37_4_1&amp;quot;&amp;gt; is not clickable at point (944, 405). Other element would receive the click: &amp;lt;div id=&amp;quot;workbenchToolbar-innerCt&amp;quot; data-ref=&amp;quot;innerCt&amp;quot; role=&amp;quot;presentation&amp;quot; class=&amp;quot;x-box-inner&amp;quot; style=&amp;quot;width: 1125px; height: 22px;&amp;quot;&amp;gt;...&amp;lt;/div&amp;gt;
  (Session info: chrome=92.0.4515.107)
Build info: version: &amp;apos;3.141.59&amp;apos;, revision: &amp;apos;e82be7d358&amp;apos;, time: &amp;apos;2018-11-14T08:17:03&amp;apos;
System info: host: &amp;apos;BSIKAPUNVM1&amp;apos;, ip: &amp;apos;172.18.42.103&amp;apos;, os.name: &amp;apos;Windows 10&amp;apos;, os.arch: &amp;apos;amd64&amp;apos;, os.version: &amp;apos;10.0&amp;apos;, java.version: &amp;apos;1.8.0_221&amp;apos;
Driver info: org.openqa.selenium.chrome.ChromeDriver
Capabilities {acceptInsecureCerts: false, browserName: chrome, browserVersion: 92.0.4515.107, chrome: {chromedriverVersion: 92.0.4515.43 (8c61b7e2989f2..., userDataDir: C:\Users\BSIKAR~1\AppData\L...}, goog:chromeOptions: {debuggerAddress: localhost:55738}, javascriptEnabled: true, networkConnectionEnabled: false, pageLoadStrategy: normal, platform: WINDOWS, platformName: WINDOWS, proxy: Proxy(), setWindowRect: true, strictFileInteractability: false, timeouts: {implicit: 0, pageLoad: 300000, script: 30000}, unhandledPromptBehavior: dismiss and notify, webauthn:extension:credBlob: true, webauthn:extension:largeBlob: true, webauthn:virtualAuthenticators: true}
Session ID: f7726567543be7a133d2c35934fdf310">
      <![CDATA[org.openqa.selenium.ElementClickInterceptedException: element click intercepted: Element <input id="f_l82362BA328C34F07B639E2BD26CC018B37_4_1-inputEl" data-ref="inputEl" type="text" fieldref="LineUnderwritingInput.Underwriter" objectref="l82362BA328C34F07B639E2BD26CC018B" size="1" name="f_l82362BA328C34F07B639E2BD26CC018B37_4_1-inputEl" placeholder="(Select)" aria-hidden="false" aria-disabled="false" role="combobox" aria-haspopup="true" aria-expanded="false" aria-owns="f_l82362BA328C34F07B639E2BD26CC018B37_4_1-inputEl f_l82362BA328C34F07B639E2BD26CC018B37_4_1-picker-listEl" aria-autocomplete="list" aria-invalid="false" aria-readonly="false" aria-describedby="f_l82362BA328C34F07B639E2BD26CC018B37_4_1-ariaStatusEl" aria-required="true" class="x-form-field x-form-required-field x-form-text x-form-text-default " autocomplete="off" data-componentid="f_l82362BA328C34F07B639E2BD26CC018B37_4_1"> is not clickable at point (944, 405). Other element would receive the click: <div id="workbenchToolbar-innerCt" data-ref="innerCt" role="presentation" class="x-box-inner" style="width: 1125px; height: 22px;">...</div>
  (Session info: chrome=92.0.4515.107)
Build info: version: '3.141.59', revision: 'e82be7d358', time: '2018-11-14T08:17:03'
System info: host: 'BSIKAPUNVM1', ip: '172.18.42.103', os.name: 'Windows 10', os.arch: 'amd64', os.version: '10.0', java.version: '1.8.0_221'
Driver info: org.openqa.selenium.chrome.ChromeDriver
Capabilities {acceptInsecureCerts: false, browserName: chrome, browserVersion: 92.0.4515.107, chrome: {chromedriverVersion: 92.0.4515.43 (8c61b7e2989f2..., userDataDir: C:\Users\BSIKAR~1\AppData\L...}, goog:chromeOptions: {debuggerAddress: localhost:55738}, javascriptEnabled: true, networkConnectionEnabled: false, pageLoadStrategy: normal, platform: WINDOWS, platformName: WINDOWS, proxy: Proxy(), setWindowRect: true, strictFileInteractability: false, timeouts: {implicit: 0, pageLoad: 300000, script: 30000}, unhandledPromptBehavior: dismiss and notify, webauthn:extension:credBlob: true, webauthn:extension:largeBlob: true, webauthn:virtualAuthenticators: true}
Session ID: f7726567543be7a133d2c35934fdf310
at org.openqa.selenium.remote.http.W3CHttpResponseCodec.createException(W3CHttpResponseCodec.java:187)
at org.openqa.selenium.remote.http.W3CHttpResponseCodec.decode(W3CHttpResponseCodec.java:122)
at org.openqa.selenium.remote.http.W3CHttpResponseCodec.decode(W3CHttpResponseCodec.java:49)
at org.openqa.selenium.remote.HttpCommandExecutor.execute(HttpCommandExecutor.java:158)
at org.openqa.selenium.remote.service.DriverCommandExecutor.execute(DriverCommandExecutor.java:83)
at org.openqa.selenium.remote.RemoteWebDriver.execute(RemoteWebDriver.java:552)
at org.openqa.selenium.remote.RemoteWebElement.execute(RemoteWebElement.java:285)
at org.openqa.selenium.remote.RemoteWebElement.click(RemoteWebElement.java:84)
at com.framework.pages.BasePage.sendKeysWithEnter(BasePage.java:57)
at com.framework.pages.GeneralScreenPage.enterQuickQuoteGenearlInfo(GeneralScreenPage.java:89)
at com.common.qa.testcases.DCTQuickQuoteTest2.QuickQuoteFlowTest2(DCTQuickQuoteTest2.java:33)
at java.util.concurrent.FutureTask.run(FutureTask.java:266)
at java.util.concurrent.Executors$RunnableAdapter.call(Executors.java:511)
at java.util.concurrent.FutureTask.run(FutureTask.java:266)
at java.util.concurrent.ThreadPoolExecutor.runWorker(ThreadPoolExecutor.java:1149)
at java.util.concurrent.ThreadPoolExecutor$Worker.run(ThreadPoolExecutor.java:624)
at java.lang.Thread.run(Thread.java:748)
... Removed 13 stack frames]]>
    </failure>
  </testcase> <!-- QuickQuoteFlowTest2 -->
  <testcase name="QuickQuoteFlowTest1" time="27.962" classname="com.common.qa.testcases.DCTQuickQuoteTest1">
    <failure type="org.openqa.selenium.ElementClickInterceptedException" message="element click intercepted: Element &amp;lt;input id=&amp;quot;f_lE9F9C5F232414B99BAF95414938C036B37_4_1-inputEl&amp;quot; data-ref=&amp;quot;inputEl&amp;quot; type=&amp;quot;text&amp;quot; fieldref=&amp;quot;LineUnderwritingInput.Underwriter&amp;quot; objectref=&amp;quot;lE9F9C5F232414B99BAF95414938C036B&amp;quot; size=&amp;quot;1&amp;quot; name=&amp;quot;f_lE9F9C5F232414B99BAF95414938C036B37_4_1-inputEl&amp;quot; placeholder=&amp;quot;(Select)&amp;quot; aria-hidden=&amp;quot;false&amp;quot; aria-disabled=&amp;quot;false&amp;quot; role=&amp;quot;combobox&amp;quot; aria-haspopup=&amp;quot;true&amp;quot; aria-expanded=&amp;quot;false&amp;quot; aria-owns=&amp;quot;f_lE9F9C5F232414B99BAF95414938C036B37_4_1-inputEl f_lE9F9C5F232414B99BAF95414938C036B37_4_1-picker-listEl&amp;quot; aria-autocomplete=&amp;quot;list&amp;quot; aria-invalid=&amp;quot;false&amp;quot; aria-readonly=&amp;quot;false&amp;quot; aria-describedby=&amp;quot;f_lE9F9C5F232414B99BAF95414938C036B37_4_1-ariaStatusEl&amp;quot; aria-required=&amp;quot;true&amp;quot; class=&amp;quot;x-form-field x-form-required-field x-form-text x-form-text-default &amp;quot; autocomplete=&amp;quot;off&amp;quot; data-componentid=&amp;quot;f_lE9F9C5F232414B99BAF95414938C036B37_4_1&amp;quot;&amp;gt; is not clickable at point (944, 405). Other element would receive the click: &amp;lt;div id=&amp;quot;workbenchToolbar-innerCt&amp;quot; data-ref=&amp;quot;innerCt&amp;quot; role=&amp;quot;presentation&amp;quot; class=&amp;quot;x-box-inner&amp;quot; style=&amp;quot;width: 1125px; height: 22px;&amp;quot;&amp;gt;...&amp;lt;/div&amp;gt;
  (Session info: chrome=92.0.4515.107)
Build info: version: &amp;apos;3.141.59&amp;apos;, revision: &amp;apos;e82be7d358&amp;apos;, time: &amp;apos;2018-11-14T08:17:03&amp;apos;
System info: host: &amp;apos;BSIKAPUNVM1&amp;apos;, ip: &amp;apos;172.18.42.103&amp;apos;, os.name: &amp;apos;Windows 10&amp;apos;, os.arch: &amp;apos;amd64&amp;apos;, os.version: &amp;apos;10.0&amp;apos;, java.version: &amp;apos;1.8.0_221&amp;apos;
Driver info: org.openqa.selenium.chrome.ChromeDriver
Capabilities {acceptInsecureCerts: false, browserName: chrome, browserVersion: 92.0.4515.107, chrome: {chromedriverVersion: 92.0.4515.43 (8c61b7e2989f2..., userDataDir: C:\Users\BSIKAR~1\AppData\L...}, goog:chromeOptions: {debuggerAddress: localhost:55737}, javascriptEnabled: true, networkConnectionEnabled: false, pageLoadStrategy: normal, platform: WINDOWS, platformName: WINDOWS, proxy: Proxy(), setWindowRect: true, strictFileInteractability: false, timeouts: {implicit: 0, pageLoad: 300000, script: 30000}, unhandledPromptBehavior: dismiss and notify, webauthn:extension:credBlob: true, webauthn:extension:largeBlob: true, webauthn:virtualAuthenticators: true}
Session ID: 9509a81322fa6a1052784d093d115c70">
      <![CDATA[org.openqa.selenium.ElementClickInterceptedException: element click intercepted: Element <input id="f_lE9F9C5F232414B99BAF95414938C036B37_4_1-inputEl" data-ref="inputEl" type="text" fieldref="LineUnderwritingInput.Underwriter" objectref="lE9F9C5F232414B99BAF95414938C036B" size="1" name="f_lE9F9C5F232414B99BAF95414938C036B37_4_1-inputEl" placeholder="(Select)" aria-hidden="false" aria-disabled="false" role="combobox" aria-haspopup="true" aria-expanded="false" aria-owns="f_lE9F9C5F232414B99BAF95414938C036B37_4_1-inputEl f_lE9F9C5F232414B99BAF95414938C036B37_4_1-picker-listEl" aria-autocomplete="list" aria-invalid="false" aria-readonly="false" aria-describedby="f_lE9F9C5F232414B99BAF95414938C036B37_4_1-ariaStatusEl" aria-required="true" class="x-form-field x-form-required-field x-form-text x-form-text-default " autocomplete="off" data-componentid="f_lE9F9C5F232414B99BAF95414938C036B37_4_1"> is not clickable at point (944, 405). Other element would receive the click: <div id="workbenchToolbar-innerCt" data-ref="innerCt" role="presentation" class="x-box-inner" style="width: 1125px; height: 22px;">...</div>
  (Session info: chrome=92.0.4515.107)
Build info: version: '3.141.59', revision: 'e82be7d358', time: '2018-11-14T08:17:03'
System info: host: 'BSIKAPUNVM1', ip: '172.18.42.103', os.name: 'Windows 10', os.arch: 'amd64', os.version: '10.0', java.version: '1.8.0_221'
Driver info: org.openqa.selenium.chrome.ChromeDriver
Capabilities {acceptInsecureCerts: false, browserName: chrome, browserVersion: 92.0.4515.107, chrome: {chromedriverVersion: 92.0.4515.43 (8c61b7e2989f2..., userDataDir: C:\Users\BSIKAR~1\AppData\L...}, goog:chromeOptions: {debuggerAddress: localhost:55737}, javascriptEnabled: true, networkConnectionEnabled: false, pageLoadStrategy: normal, platform: WINDOWS, platformName: WINDOWS, proxy: Proxy(), setWindowRect: true, strictFileInteractability: false, timeouts: {implicit: 0, pageLoad: 300000, script: 30000}, unhandledPromptBehavior: dismiss and notify, webauthn:extension:credBlob: true, webauthn:extension:largeBlob: true, webauthn:virtualAuthenticators: true}
Session ID: 9509a81322fa6a1052784d093d115c70
at org.openqa.selenium.remote.http.W3CHttpResponseCodec.createException(W3CHttpResponseCodec.java:187)
at org.openqa.selenium.remote.http.W3CHttpResponseCodec.decode(W3CHttpResponseCodec.java:122)
at org.openqa.selenium.remote.http.W3CHttpResponseCodec.decode(W3CHttpResponseCodec.java:49)
at org.openqa.selenium.remote.HttpCommandExecutor.execute(HttpCommandExecutor.java:158)
at org.openqa.selenium.remote.service.DriverCommandExecutor.execute(DriverCommandExecutor.java:83)
at org.openqa.selenium.remote.RemoteWebDriver.execute(RemoteWebDriver.java:552)
at org.openqa.selenium.remote.RemoteWebElement.execute(RemoteWebElement.java:285)
at org.openqa.selenium.remote.RemoteWebElement.click(RemoteWebElement.java:84)
at com.framework.pages.BasePage.sendKeysWithEnter(BasePage.java:57)
at com.framework.pages.GeneralScreenPage.enterQuickQuoteGenearlInfo(GeneralScreenPage.java:89)
at com.common.qa.testcases.DCTQuickQuoteTest1.QuickQuoteFlowTest1(DCTQuickQuoteTest1.java:31)
at java.util.concurrent.FutureTask.run(FutureTask.java:266)
at java.util.concurrent.Executors$RunnableAdapter.call(Executors.java:511)
at java.util.concurrent.FutureTask.run(FutureTask.java:266)
at java.util.concurrent.ThreadPoolExecutor.runWorker(ThreadPoolExecutor.java:1149)
at java.util.concurrent.ThreadPoolExecutor$Worker.run(ThreadPoolExecutor.java:624)
at java.lang.Thread.run(Thread.java:748)
... Removed 13 stack frames]]>
    </failure>
  </testcase> <!-- QuickQuoteFlowTest1 -->
  <testcase name="QuickQuoteFlowTest4" time="24.614" classname="com.common.qa.testcases.DCTQuickQuoteTest4">
    <failure type="org.openqa.selenium.ElementClickInterceptedException" message="element click intercepted: Element &amp;lt;input id=&amp;quot;f_lE54F651D5A464B72823F3AACAB32030B37_4_1-inputEl&amp;quot; data-ref=&amp;quot;inputEl&amp;quot; type=&amp;quot;text&amp;quot; fieldref=&amp;quot;LineUnderwritingInput.Underwriter&amp;quot; objectref=&amp;quot;lE54F651D5A464B72823F3AACAB32030B&amp;quot; size=&amp;quot;1&amp;quot; name=&amp;quot;f_lE54F651D5A464B72823F3AACAB32030B37_4_1-inputEl&amp;quot; placeholder=&amp;quot;(Select)&amp;quot; aria-hidden=&amp;quot;false&amp;quot; aria-disabled=&amp;quot;false&amp;quot; role=&amp;quot;combobox&amp;quot; aria-haspopup=&amp;quot;true&amp;quot; aria-expanded=&amp;quot;false&amp;quot; aria-owns=&amp;quot;f_lE54F651D5A464B72823F3AACAB32030B37_4_1-inputEl f_lE54F651D5A464B72823F3AACAB32030B37_4_1-picker-listEl&amp;quot; aria-autocomplete=&amp;quot;list&amp;quot; aria-invalid=&amp;quot;false&amp;quot; aria-readonly=&amp;quot;false&amp;quot; aria-describedby=&amp;quot;f_lE54F651D5A464B72823F3AACAB32030B37_4_1-ariaStatusEl&amp;quot; aria-required=&amp;quot;true&amp;quot; class=&amp;quot;x-form-field x-form-required-field x-form-text x-form-text-default &amp;quot; autocomplete=&amp;quot;off&amp;quot; data-componentid=&amp;quot;f_lE54F651D5A464B72823F3AACAB32030B37_4_1&amp;quot;&amp;gt; is not clickable at point (944, 405). Other element would receive the click: &amp;lt;div id=&amp;quot;workbenchToolbar-innerCt&amp;quot; data-ref=&amp;quot;innerCt&amp;quot; role=&amp;quot;presentation&amp;quot; class=&amp;quot;x-box-inner&amp;quot; style=&amp;quot;width: 1125px; height: 22px;&amp;quot;&amp;gt;...&amp;lt;/div&amp;gt;
  (Session info: chrome=92.0.4515.107)
Build info: version: &amp;apos;3.141.59&amp;apos;, revision: &amp;apos;e82be7d358&amp;apos;, time: &amp;apos;2018-11-14T08:17:03&amp;apos;
System info: host: &amp;apos;BSIKAPUNVM1&amp;apos;, ip: &amp;apos;172.18.42.103&amp;apos;, os.name: &amp;apos;Windows 10&amp;apos;, os.arch: &amp;apos;amd64&amp;apos;, os.version: &amp;apos;10.0&amp;apos;, java.version: &amp;apos;1.8.0_221&amp;apos;
Driver info: org.openqa.selenium.chrome.ChromeDriver
Capabilities {acceptInsecureCerts: false, browserName: chrome, browserVersion: 92.0.4515.107, chrome: {chromedriverVersion: 92.0.4515.43 (8c61b7e2989f2..., userDataDir: C:\Users\BSIKAR~1\AppData\L...}, goog:chromeOptions: {debuggerAddress: localhost:49593}, javascriptEnabled: true, networkConnectionEnabled: false, pageLoadStrategy: normal, platform: WINDOWS, platformName: WINDOWS, proxy: Proxy(), setWindowRect: true, strictFileInteractability: false, timeouts: {implicit: 0, pageLoad: 300000, script: 30000}, unhandledPromptBehavior: dismiss and notify, webauthn:extension:credBlob: true, webauthn:extension:largeBlob: true, webauthn:virtualAuthenticators: true}
Session ID: 40a0a7c094d0c751847eac0e46d8a2cb">
      <![CDATA[org.openqa.selenium.ElementClickInterceptedException: element click intercepted: Element <input id="f_lE54F651D5A464B72823F3AACAB32030B37_4_1-inputEl" data-ref="inputEl" type="text" fieldref="LineUnderwritingInput.Underwriter" objectref="lE54F651D5A464B72823F3AACAB32030B" size="1" name="f_lE54F651D5A464B72823F3AACAB32030B37_4_1-inputEl" placeholder="(Select)" aria-hidden="false" aria-disabled="false" role="combobox" aria-haspopup="true" aria-expanded="false" aria-owns="f_lE54F651D5A464B72823F3AACAB32030B37_4_1-inputEl f_lE54F651D5A464B72823F3AACAB32030B37_4_1-picker-listEl" aria-autocomplete="list" aria-invalid="false" aria-readonly="false" aria-describedby="f_lE54F651D5A464B72823F3AACAB32030B37_4_1-ariaStatusEl" aria-required="true" class="x-form-field x-form-required-field x-form-text x-form-text-default " autocomplete="off" data-componentid="f_lE54F651D5A464B72823F3AACAB32030B37_4_1"> is not clickable at point (944, 405). Other element would receive the click: <div id="workbenchToolbar-innerCt" data-ref="innerCt" role="presentation" class="x-box-inner" style="width: 1125px; height: 22px;">...</div>
  (Session info: chrome=92.0.4515.107)
Build info: version: '3.141.59', revision: 'e82be7d358', time: '2018-11-14T08:17:03'
System info: host: 'BSIKAPUNVM1', ip: '172.18.42.103', os.name: 'Windows 10', os.arch: 'amd64', os.version: '10.0', java.version: '1.8.0_221'
Driver info: org.openqa.selenium.chrome.ChromeDriver
Capabilities {acceptInsecureCerts: false, browserName: chrome, browserVersion: 92.0.4515.107, chrome: {chromedriverVersion: 92.0.4515.43 (8c61b7e2989f2..., userDataDir: C:\Users\BSIKAR~1\AppData\L...}, goog:chromeOptions: {debuggerAddress: localhost:49593}, javascriptEnabled: true, networkConnectionEnabled: false, pageLoadStrategy: normal, platform: WINDOWS, platformName: WINDOWS, proxy: Proxy(), setWindowRect: true, strictFileInteractability: false, timeouts: {implicit: 0, pageLoad: 300000, script: 30000}, unhandledPromptBehavior: dismiss and notify, webauthn:extension:credBlob: true, webauthn:extension:largeBlob: true, webauthn:virtualAuthenticators: true}
Session ID: 40a0a7c094d0c751847eac0e46d8a2cb
at org.openqa.selenium.remote.http.W3CHttpResponseCodec.createException(W3CHttpResponseCodec.java:187)
at org.openqa.selenium.remote.http.W3CHttpResponseCodec.decode(W3CHttpResponseCodec.java:122)
at org.openqa.selenium.remote.http.W3CHttpResponseCodec.decode(W3CHttpResponseCodec.java:49)
at org.openqa.selenium.remote.HttpCommandExecutor.execute(HttpCommandExecutor.java:158)
at org.openqa.selenium.remote.service.DriverCommandExecutor.execute(DriverCommandExecutor.java:83)
at org.openqa.selenium.remote.RemoteWebDriver.execute(RemoteWebDriver.java:552)
at org.openqa.selenium.remote.RemoteWebElement.execute(RemoteWebElement.java:285)
at org.openqa.selenium.remote.RemoteWebElement.click(RemoteWebElement.java:84)
at com.framework.pages.BasePage.sendKeysWithEnter(BasePage.java:57)
at com.framework.pages.GeneralScreenPage.enterQuickQuoteGenearlInfo(GeneralScreenPage.java:89)
at com.common.qa.testcases.DCTQuickQuoteTest4.QuickQuoteFlowTest4(DCTQuickQuoteTest4.java:36)
at java.util.concurrent.FutureTask.run(FutureTask.java:266)
at java.util.concurrent.Executors$RunnableAdapter.call(Executors.java:511)
at java.util.concurrent.FutureTask.run(FutureTask.java:266)
at java.util.concurrent.ThreadPoolExecutor.runWorker(ThreadPoolExecutor.java:1149)
at java.util.concurrent.ThreadPoolExecutor$Worker.run(ThreadPoolExecutor.java:624)
at java.lang.Thread.run(Thread.java:748)
... Removed 13 stack frames]]>
    </failure>
  </testcase> <!-- QuickQuoteFlowTest4 -->
  <testcase name="QuickQuoteFlowTest3" time="28.289" classname="com.common.qa.testcases.DCTQuickQuoteTest3">
    <failure type="org.openqa.selenium.ElementClickInterceptedException" message="element click intercepted: Element &amp;lt;input id=&amp;quot;f_l16509C73140D48779DE0C0419BA0CD1A37_4_1-inputEl&amp;quot; data-ref=&amp;quot;inputEl&amp;quot; type=&amp;quot;text&amp;quot; fieldref=&amp;quot;LineUnderwritingInput.Underwriter&amp;quot; objectref=&amp;quot;l16509C73140D48779DE0C0419BA0CD1A&amp;quot; size=&amp;quot;1&amp;quot; name=&amp;quot;f_l16509C73140D48779DE0C0419BA0CD1A37_4_1-inputEl&amp;quot; placeholder=&amp;quot;(Select)&amp;quot; aria-hidden=&amp;quot;false&amp;quot; aria-disabled=&amp;quot;false&amp;quot; role=&amp;quot;combobox&amp;quot; aria-haspopup=&amp;quot;true&amp;quot; aria-expanded=&amp;quot;false&amp;quot; aria-owns=&amp;quot;f_l16509C73140D48779DE0C0419BA0CD1A37_4_1-inputEl f_l16509C73140D48779DE0C0419BA0CD1A37_4_1-picker-listEl&amp;quot; aria-autocomplete=&amp;quot;list&amp;quot; aria-invalid=&amp;quot;false&amp;quot; aria-readonly=&amp;quot;false&amp;quot; aria-describedby=&amp;quot;f_l16509C73140D48779DE0C0419BA0CD1A37_4_1-ariaStatusEl&amp;quot; aria-required=&amp;quot;true&amp;quot; class=&amp;quot;x-form-field x-form-required-field x-form-text x-form-text-default &amp;quot; autocomplete=&amp;quot;off&amp;quot; data-componentid=&amp;quot;f_l16509C73140D48779DE0C0419BA0CD1A37_4_1&amp;quot;&amp;gt; is not clickable at point (944, 405). Other element would receive the click: &amp;lt;div id=&amp;quot;workbenchToolbar-innerCt&amp;quot; data-ref=&amp;quot;innerCt&amp;quot; role=&amp;quot;presentation&amp;quot; class=&amp;quot;x-box-inner&amp;quot; style=&amp;quot;width: 1125px; height: 22px;&amp;quot;&amp;gt;...&amp;lt;/div&amp;gt;
  (Session info: chrome=92.0.4515.107)
Build info: version: &amp;apos;3.141.59&amp;apos;, revision: &amp;apos;e82be7d358&amp;apos;, time: &amp;apos;2018-11-14T08:17:03&amp;apos;
System info: host: &amp;apos;BSIKAPUNVM1&amp;apos;, ip: &amp;apos;172.18.42.103&amp;apos;, os.name: &amp;apos;Windows 10&amp;apos;, os.arch: &amp;apos;amd64&amp;apos;, os.version: &amp;apos;10.0&amp;apos;, java.version: &amp;apos;1.8.0_221&amp;apos;
Driver info: org.openqa.selenium.chrome.ChromeDriver
Capabilities {acceptInsecureCerts: false, browserName: chrome, browserVersion: 92.0.4515.107, chrome: {chromedriverVersion: 92.0.4515.43 (8c61b7e2989f2..., userDataDir: C:\Users\BSIKAR~1\AppData\L...}, goog:chromeOptions: {debuggerAddress: localhost:53053}, javascriptEnabled: true, networkConnectionEnabled: false, pageLoadStrategy: normal, platform: WINDOWS, platformName: WINDOWS, proxy: Proxy(), setWindowRect: true, strictFileInteractability: false, timeouts: {implicit: 0, pageLoad: 300000, script: 30000}, unhandledPromptBehavior: dismiss and notify, webauthn:extension:credBlob: true, webauthn:extension:largeBlob: true, webauthn:virtualAuthenticators: true}
Session ID: 2f48c1f8bc19bc237b8e0a8cd66300f6">
      <![CDATA[org.openqa.selenium.ElementClickInterceptedException: element click intercepted: Element <input id="f_l16509C73140D48779DE0C0419BA0CD1A37_4_1-inputEl" data-ref="inputEl" type="text" fieldref="LineUnderwritingInput.Underwriter" objectref="l16509C73140D48779DE0C0419BA0CD1A" size="1" name="f_l16509C73140D48779DE0C0419BA0CD1A37_4_1-inputEl" placeholder="(Select)" aria-hidden="false" aria-disabled="false" role="combobox" aria-haspopup="true" aria-expanded="false" aria-owns="f_l16509C73140D48779DE0C0419BA0CD1A37_4_1-inputEl f_l16509C73140D48779DE0C0419BA0CD1A37_4_1-picker-listEl" aria-autocomplete="list" aria-invalid="false" aria-readonly="false" aria-describedby="f_l16509C73140D48779DE0C0419BA0CD1A37_4_1-ariaStatusEl" aria-required="true" class="x-form-field x-form-required-field x-form-text x-form-text-default " autocomplete="off" data-componentid="f_l16509C73140D48779DE0C0419BA0CD1A37_4_1"> is not clickable at point (944, 405). Other element would receive the click: <div id="workbenchToolbar-innerCt" data-ref="innerCt" role="presentation" class="x-box-inner" style="width: 1125px; height: 22px;">...</div>
  (Session info: chrome=92.0.4515.107)
Build info: version: '3.141.59', revision: 'e82be7d358', time: '2018-11-14T08:17:03'
System info: host: 'BSIKAPUNVM1', ip: '172.18.42.103', os.name: 'Windows 10', os.arch: 'amd64', os.version: '10.0', java.version: '1.8.0_221'
Driver info: org.openqa.selenium.chrome.ChromeDriver
Capabilities {acceptInsecureCerts: false, browserName: chrome, browserVersion: 92.0.4515.107, chrome: {chromedriverVersion: 92.0.4515.43 (8c61b7e2989f2..., userDataDir: C:\Users\BSIKAR~1\AppData\L...}, goog:chromeOptions: {debuggerAddress: localhost:53053}, javascriptEnabled: true, networkConnectionEnabled: false, pageLoadStrategy: normal, platform: WINDOWS, platformName: WINDOWS, proxy: Proxy(), setWindowRect: true, strictFileInteractability: false, timeouts: {implicit: 0, pageLoad: 300000, script: 30000}, unhandledPromptBehavior: dismiss and notify, webauthn:extension:credBlob: true, webauthn:extension:largeBlob: true, webauthn:virtualAuthenticators: true}
Session ID: 2f48c1f8bc19bc237b8e0a8cd66300f6
at org.openqa.selenium.remote.http.W3CHttpResponseCodec.createException(W3CHttpResponseCodec.java:187)
at org.openqa.selenium.remote.http.W3CHttpResponseCodec.decode(W3CHttpResponseCodec.java:122)
at org.openqa.selenium.remote.http.W3CHttpResponseCodec.decode(W3CHttpResponseCodec.java:49)
at org.openqa.selenium.remote.HttpCommandExecutor.execute(HttpCommandExecutor.java:158)
at org.openqa.selenium.remote.service.DriverCommandExecutor.execute(DriverCommandExecutor.java:83)
at org.openqa.selenium.remote.RemoteWebDriver.execute(RemoteWebDriver.java:552)
at org.openqa.selenium.remote.RemoteWebElement.execute(RemoteWebElement.java:285)
at org.openqa.selenium.remote.RemoteWebElement.click(RemoteWebElement.java:84)
at com.framework.pages.BasePage.sendKeysWithEnter(BasePage.java:57)
at com.framework.pages.GeneralScreenPage.enterQuickQuoteGenearlInfo(GeneralScreenPage.java:89)
at com.common.qa.testcases.DCTQuickQuoteTest3.QuickQuoteFlowTest3(DCTQuickQuoteTest3.java:31)
at java.util.concurrent.FutureTask.run(FutureTask.java:266)
at java.util.concurrent.Executors$RunnableAdapter.call(Executors.java:511)
at java.util.concurrent.FutureTask.run(FutureTask.java:266)
at java.util.concurrent.ThreadPoolExecutor.runWorker(ThreadPoolExecutor.java:1149)
at java.util.concurrent.ThreadPoolExecutor$Worker.run(ThreadPoolExecutor.java:624)
at java.lang.Thread.run(Thread.java:748)
... Removed 13 stack frames]]>
    </failure>
  </testcase> <!-- QuickQuoteFlowTest3 -->
  <testcase name="QuickQuoteFlowTest5" time="23.448" classname="com.common.qa.testcases.DCTQuickQuoteTest5">
    <failure type="org.openqa.selenium.ElementClickInterceptedException" message="element click intercepted: Element &amp;lt;input id=&amp;quot;f_lDC6D01C7D85D4A869B180C952D8E2A6137_4_1-inputEl&amp;quot; data-ref=&amp;quot;inputEl&amp;quot; type=&amp;quot;text&amp;quot; fieldref=&amp;quot;LineUnderwritingInput.Underwriter&amp;quot; objectref=&amp;quot;lDC6D01C7D85D4A869B180C952D8E2A61&amp;quot; size=&amp;quot;1&amp;quot; name=&amp;quot;f_lDC6D01C7D85D4A869B180C952D8E2A6137_4_1-inputEl&amp;quot; placeholder=&amp;quot;(Select)&amp;quot; aria-hidden=&amp;quot;false&amp;quot; aria-disabled=&amp;quot;false&amp;quot; role=&amp;quot;combobox&amp;quot; aria-haspopup=&amp;quot;true&amp;quot; aria-expanded=&amp;quot;false&amp;quot; aria-owns=&amp;quot;f_lDC6D01C7D85D4A869B180C952D8E2A6137_4_1-inputEl f_lDC6D01C7D85D4A869B180C952D8E2A6137_4_1-picker-listEl&amp;quot; aria-autocomplete=&amp;quot;list&amp;quot; aria-invalid=&amp;quot;false&amp;quot; aria-readonly=&amp;quot;false&amp;quot; aria-describedby=&amp;quot;f_lDC6D01C7D85D4A869B180C952D8E2A6137_4_1-ariaStatusEl&amp;quot; aria-required=&amp;quot;true&amp;quot; class=&amp;quot;x-form-field x-form-required-field x-form-text x-form-text-default &amp;quot; autocomplete=&amp;quot;off&amp;quot; data-componentid=&amp;quot;f_lDC6D01C7D85D4A869B180C952D8E2A6137_4_1&amp;quot;&amp;gt; is not clickable at point (944, 405). Other element would receive the click: &amp;lt;div id=&amp;quot;workbenchToolbar-innerCt&amp;quot; data-ref=&amp;quot;innerCt&amp;quot; role=&amp;quot;presentation&amp;quot; class=&amp;quot;x-box-inner&amp;quot; style=&amp;quot;width: 1125px; height: 22px;&amp;quot;&amp;gt;...&amp;lt;/div&amp;gt;
  (Session info: chrome=92.0.4515.107)
Build info: version: &amp;apos;3.141.59&amp;apos;, revision: &amp;apos;e82be7d358&amp;apos;, time: &amp;apos;2018-11-14T08:17:03&amp;apos;
System info: host: &amp;apos;BSIKAPUNVM1&amp;apos;, ip: &amp;apos;172.18.42.103&amp;apos;, os.name: &amp;apos;Windows 10&amp;apos;, os.arch: &amp;apos;amd64&amp;apos;, os.version: &amp;apos;10.0&amp;apos;, java.version: &amp;apos;1.8.0_221&amp;apos;
Driver info: org.openqa.selenium.chrome.ChromeDriver
Capabilities {acceptInsecureCerts: false, browserName: chrome, browserVersion: 92.0.4515.107, chrome: {chromedriverVersion: 92.0.4515.43 (8c61b7e2989f2..., userDataDir: C:\Users\BSIKAR~1\AppData\L...}, goog:chromeOptions: {debuggerAddress: localhost:61810}, javascriptEnabled: true, networkConnectionEnabled: false, pageLoadStrategy: normal, platform: WINDOWS, platformName: WINDOWS, proxy: Proxy(), setWindowRect: true, strictFileInteractability: false, timeouts: {implicit: 0, pageLoad: 300000, script: 30000}, unhandledPromptBehavior: dismiss and notify, webauthn:extension:credBlob: true, webauthn:extension:largeBlob: true, webauthn:virtualAuthenticators: true}
Session ID: 77f1b557df753d99fbdfa4f0aced414a">
      <![CDATA[org.openqa.selenium.ElementClickInterceptedException: element click intercepted: Element <input id="f_lDC6D01C7D85D4A869B180C952D8E2A6137_4_1-inputEl" data-ref="inputEl" type="text" fieldref="LineUnderwritingInput.Underwriter" objectref="lDC6D01C7D85D4A869B180C952D8E2A61" size="1" name="f_lDC6D01C7D85D4A869B180C952D8E2A6137_4_1-inputEl" placeholder="(Select)" aria-hidden="false" aria-disabled="false" role="combobox" aria-haspopup="true" aria-expanded="false" aria-owns="f_lDC6D01C7D85D4A869B180C952D8E2A6137_4_1-inputEl f_lDC6D01C7D85D4A869B180C952D8E2A6137_4_1-picker-listEl" aria-autocomplete="list" aria-invalid="false" aria-readonly="false" aria-describedby="f_lDC6D01C7D85D4A869B180C952D8E2A6137_4_1-ariaStatusEl" aria-required="true" class="x-form-field x-form-required-field x-form-text x-form-text-default " autocomplete="off" data-componentid="f_lDC6D01C7D85D4A869B180C952D8E2A6137_4_1"> is not clickable at point (944, 405). Other element would receive the click: <div id="workbenchToolbar-innerCt" data-ref="innerCt" role="presentation" class="x-box-inner" style="width: 1125px; height: 22px;">...</div>
  (Session info: chrome=92.0.4515.107)
Build info: version: '3.141.59', revision: 'e82be7d358', time: '2018-11-14T08:17:03'
System info: host: 'BSIKAPUNVM1', ip: '172.18.42.103', os.name: 'Windows 10', os.arch: 'amd64', os.version: '10.0', java.version: '1.8.0_221'
Driver info: org.openqa.selenium.chrome.ChromeDriver
Capabilities {acceptInsecureCerts: false, browserName: chrome, browserVersion: 92.0.4515.107, chrome: {chromedriverVersion: 92.0.4515.43 (8c61b7e2989f2..., userDataDir: C:\Users\BSIKAR~1\AppData\L...}, goog:chromeOptions: {debuggerAddress: localhost:61810}, javascriptEnabled: true, networkConnectionEnabled: false, pageLoadStrategy: normal, platform: WINDOWS, platformName: WINDOWS, proxy: Proxy(), setWindowRect: true, strictFileInteractability: false, timeouts: {implicit: 0, pageLoad: 300000, script: 30000}, unhandledPromptBehavior: dismiss and notify, webauthn:extension:credBlob: true, webauthn:extension:largeBlob: true, webauthn:virtualAuthenticators: true}
Session ID: 77f1b557df753d99fbdfa4f0aced414a
at org.openqa.selenium.remote.http.W3CHttpResponseCodec.createException(W3CHttpResponseCodec.java:187)
at org.openqa.selenium.remote.http.W3CHttpResponseCodec.decode(W3CHttpResponseCodec.java:122)
at org.openqa.selenium.remote.http.W3CHttpResponseCodec.decode(W3CHttpResponseCodec.java:49)
at org.openqa.selenium.remote.HttpCommandExecutor.execute(HttpCommandExecutor.java:158)
at org.openqa.selenium.remote.service.DriverCommandExecutor.execute(DriverCommandExecutor.java:83)
at org.openqa.selenium.remote.RemoteWebDriver.execute(RemoteWebDriver.java:552)
at org.openqa.selenium.remote.RemoteWebElement.execute(RemoteWebElement.java:285)
at org.openqa.selenium.remote.RemoteWebElement.click(RemoteWebElement.java:84)
at com.framework.pages.BasePage.sendKeysWithEnter(BasePage.java:57)
at com.framework.pages.GeneralScreenPage.enterQuickQuoteGenearlInfo(GeneralScreenPage.java:89)
at com.common.qa.testcases.DCTQuickQuoteTest5.QuickQuoteFlowTest5(DCTQuickQuoteTest5.java:31)
at java.util.concurrent.FutureTask.run(FutureTask.java:266)
at java.util.concurrent.Executors$RunnableAdapter.call(Executors.java:511)
at java.util.concurrent.FutureTask.run(FutureTask.java:266)
at java.util.concurrent.ThreadPoolExecutor.runWorker(ThreadPoolExecutor.java:1149)
at java.util.concurrent.ThreadPoolExecutor$Worker.run(ThreadPoolExecutor.java:624)
at java.lang.Thread.run(Thread.java:748)
... Removed 13 stack frames]]>
    </failure>
  </testcase> <!-- QuickQuoteFlowTest5 -->
</testsuite> <!-- Test -->
