<?xml version="1.0" encoding="UTF-8"?>
<!-- Generated by org.testng.reporters.JUnitXMLReporter -->
<testsuite hostname="BSIKAPUNVM1" ignored="0" name="Test" tests="1" failures="1" timestamp="09 Aug 2021 13:30:52 GMT" time="197.915" errors="0">
  <testcase name="QuickQuoteFlowTest5" time="190.074" classname="com.common.qa.testcases.DCTQuickQuoteTest5">
    <failure type="org.openqa.selenium.ElementClickInterceptedException" message="element click intercepted: Element &amp;lt;span class=&amp;quot;g-btn-text&amp;quot; data-qtip=&amp;quot;&amp;quot; data-tip=&amp;quot;&amp;quot;&amp;gt;...&amp;lt;/span&amp;gt; is not clickable at point (226, 559). Other element would receive the click: &amp;lt;a class=&amp;quot;x-btn x-unselectable x-box-item x-toolbar-item x-btn-default-toolbar-small tskbr-group&amp;quot; hidefocus=&amp;quot;on&amp;quot; unselectable=&amp;quot;on&amp;quot; role=&amp;quot;button&amp;quot; aria-hidden=&amp;quot;false&amp;quot; aria-disabled=&amp;quot;false&amp;quot; aria-haspopup=&amp;quot;true&amp;quot; aria-owns=&amp;quot;TasksForPanelId&amp;quot; id=&amp;quot;taskstaskbargroup&amp;quot; tabindex=&amp;quot;0&amp;quot; data-componentid=&amp;quot;taskstaskbargroup&amp;quot; style=&amp;quot;right: auto; left: 171px; top: 0px; margin: 0px;&amp;quot;&amp;gt;...&amp;lt;/a&amp;gt;
  (Session info: chrome=92.0.4515.107)
Build info: version: &amp;apos;3.141.59&amp;apos;, revision: &amp;apos;e82be7d358&amp;apos;, time: &amp;apos;2018-11-14T08:17:03&amp;apos;
System info: host: &amp;apos;BSIKAPUNVM1&amp;apos;, ip: &amp;apos;172.18.42.103&amp;apos;, os.name: &amp;apos;Windows 10&amp;apos;, os.arch: &amp;apos;amd64&amp;apos;, os.version: &amp;apos;10.0&amp;apos;, java.version: &amp;apos;1.8.0_221&amp;apos;
Driver info: org.openqa.selenium.chrome.ChromeDriver
Capabilities {acceptInsecureCerts: false, browserName: chrome, browserVersion: 92.0.4515.107, chrome: {chromedriverVersion: 92.0.4515.43 (8c61b7e2989f2..., userDataDir: C:\Users\BSIKAR~1\AppData\L...}, goog:chromeOptions: {debuggerAddress: localhost:52967}, javascriptEnabled: true, networkConnectionEnabled: false, pageLoadStrategy: normal, platform: WINDOWS, platformName: WINDOWS, proxy: Proxy(), setWindowRect: true, strictFileInteractability: false, timeouts: {implicit: 0, pageLoad: 300000, script: 30000}, unhandledPromptBehavior: dismiss and notify, webauthn:extension:credBlob: true, webauthn:extension:largeBlob: true, webauthn:virtualAuthenticators: true}
Session ID: 1126228d38f0c642df0084ebebfb35bb">
      <![CDATA[org.openqa.selenium.ElementClickInterceptedException: element click intercepted: Element <span class="g-btn-text" data-qtip="" data-tip="">...</span> is not clickable at point (226, 559). Other element would receive the click: <a class="x-btn x-unselectable x-box-item x-toolbar-item x-btn-default-toolbar-small tskbr-group" hidefocus="on" unselectable="on" role="button" aria-hidden="false" aria-disabled="false" aria-haspopup="true" aria-owns="TasksForPanelId" id="taskstaskbargroup" tabindex="0" data-componentid="taskstaskbargroup" style="right: auto; left: 171px; top: 0px; margin: 0px;">...</a>
  (Session info: chrome=92.0.4515.107)
Build info: version: '3.141.59', revision: 'e82be7d358', time: '2018-11-14T08:17:03'
System info: host: 'BSIKAPUNVM1', ip: '172.18.42.103', os.name: 'Windows 10', os.arch: 'amd64', os.version: '10.0', java.version: '1.8.0_221'
Driver info: org.openqa.selenium.chrome.ChromeDriver
Capabilities {acceptInsecureCerts: false, browserName: chrome, browserVersion: 92.0.4515.107, chrome: {chromedriverVersion: 92.0.4515.43 (8c61b7e2989f2..., userDataDir: C:\Users\BSIKAR~1\AppData\L...}, goog:chromeOptions: {debuggerAddress: localhost:52967}, javascriptEnabled: true, networkConnectionEnabled: false, pageLoadStrategy: normal, platform: WINDOWS, platformName: WINDOWS, proxy: Proxy(), setWindowRect: true, strictFileInteractability: false, timeouts: {implicit: 0, pageLoad: 300000, script: 30000}, unhandledPromptBehavior: dismiss and notify, webauthn:extension:credBlob: true, webauthn:extension:largeBlob: true, webauthn:virtualAuthenticators: true}
Session ID: 1126228d38f0c642df0084ebebfb35bb
at org.openqa.selenium.remote.http.W3CHttpResponseCodec.createException(W3CHttpResponseCodec.java:187)
at org.openqa.selenium.remote.http.W3CHttpResponseCodec.decode(W3CHttpResponseCodec.java:122)
at org.openqa.selenium.remote.http.W3CHttpResponseCodec.decode(W3CHttpResponseCodec.java:49)
at org.openqa.selenium.remote.HttpCommandExecutor.execute(HttpCommandExecutor.java:158)
at org.openqa.selenium.remote.service.DriverCommandExecutor.execute(DriverCommandExecutor.java:83)
at org.openqa.selenium.remote.RemoteWebDriver.execute(RemoteWebDriver.java:552)
at org.openqa.selenium.remote.RemoteWebElement.execute(RemoteWebElement.java:285)
at org.openqa.selenium.remote.RemoteWebElement.click(RemoteWebElement.java:84)
at com.framework.pages.BasePage.click(BasePage.java:15)
at com.framework.pages.PriorClaimHistoryPage.priorClaimHistory(PriorClaimHistoryPage.java:46)
at com.common.qa.testcases.DCTQuickQuoteTest5.QuickQuoteFlowTest5(DCTQuickQuoteTest5.java:42)
at java.util.concurrent.FutureTask.run(FutureTask.java:266)
at java.util.concurrent.Executors$RunnableAdapter.call(Executors.java:511)
at java.util.concurrent.FutureTask.run(FutureTask.java:266)
at java.util.concurrent.ThreadPoolExecutor.runWorker(ThreadPoolExecutor.java:1149)
at java.util.concurrent.ThreadPoolExecutor$Worker.run(ThreadPoolExecutor.java:624)
at java.lang.Thread.run(Thread.java:748)
... Removed 13 stack frames]]>
    </failure>
  </testcase> <!-- QuickQuoteFlowTest5 -->
</testsuite> <!-- Test -->
