<?xml version="1.0" encoding="UTF-8"?>
<testng-results skipped="0" failed="2" ignored="0" total="2" passed="0">
  <reporter-output>
  </reporter-output>
  <suite name="Suite" duration-ms="45897" started-at="2021-07-05T07:09:52Z" finished-at="2021-07-05T07:10:38Z">
    <groups>
    </groups>
    <test name="Test" duration-ms="45897" started-at="2021-07-05T07:09:52Z" finished-at="2021-07-05T07:10:38Z">
      <class name="com.common.qa.testcases.DCTQuickQuoteTest">
        <test-method status="PASS" signature="setUp([Ljava.lang.Object;)[pri:0, instance:com.common.qa.testcases.DCTQuickQuoteTest@548e7350]" name="setUp" is-config="true" duration-ms="14449" started-at="2021-07-05T07:09:54Z" finished-at="2021-07-05T07:10:08Z">
          <params>
            <param index="0">
              <value>
                <![CDATA[[Ljava.lang.Object;@77258e59]]>
              </value>
            </param>
          </params>
          <reporter-output>
          </reporter-output>
        </test-method> <!-- setUp -->
        <test-method status="PASS" signature="setUp([Ljava.lang.Object;)[pri:0, instance:com.common.qa.testcases.DCTQuickQuoteTest@548e7350]" name="setUp" is-config="true" duration-ms="13403" started-at="2021-07-05T07:09:54Z" finished-at="2021-07-05T07:10:07Z">
          <params>
            <param index="0">
              <value>
                <![CDATA[[Ljava.lang.Object;@5dcd8c7a]]>
              </value>
            </param>
          </params>
          <reporter-output>
          </reporter-output>
        </test-method> <!-- setUp -->
        <test-method status="FAIL" signature="DCTQuickQuoteFlowTest1(java.util.Map)[pri:0, instance:com.common.qa.testcases.DCTQuickQuoteTest@548e7350]" name="DCTQuickQuoteFlowTest1" duration-ms="26428" started-at="2021-07-05T07:10:07Z" description="To check whether user is able to create quote using Quick Quote on Firefox" finished-at="2021-07-05T07:10:34Z">
          <params>
            <param index="0">
              <value>
                <![CDATA[{nyftz=yes, produceremail=, insuredcontactemail=test@email.com, YearEstablished=, password=admin, insuredaddress=23, St taken, claimhistorycommants=testing, quoteprmium=, state=NY, zip=14804, ecrimelosssubmitofliability=, brokername=Bhuvanesh, noofclaims=100, Ecrime=no, testname=DCTQuickQuoteFlowTest1, execute=yes, totallossincurred=3000000, guidelinedeductible=, finalpremium=, domain=www, amountpaid=1000, insuredcontactphone=1112223333, status=, option=, lossdate=06/30/2021, dependentbusinesssubmitofliability=, city=New York, accounttype=New, ratablerevenue=10000, effectivedate=6/14/2021, brokerfirm=Crum, continutitydate=6/14/2021, browser=firefox, lossratio=61% to 100%, commission=20, company=Crum & Forster Specialty Insurance Company, insuredname=test0706, ExpandedFirstParty=yes, MultimediaCoverage=yes, yearsofpriorcoverage=20, aggregatelimitofliability=, WaitingPeriod=8, naicscode=, selecteddeductible=, priorclaimhistorystatus=Open, insuredcontactname=bhuvanesh, underwriter=Cheryl Shema, username=admin}]]>
              </value>
            </param>
          </params>
          <exception class="java.lang.IllegalArgumentException">
            <message>
              <![CDATA[Keys to send should be a not null CharSequence]]>
            </message>
            <full-stacktrace>
              <![CDATA[java.lang.IllegalArgumentException: Keys to send should be a not null CharSequence
at org.openqa.selenium.remote.RemoteWebElement.sendKeys(RemoteWebElement.java:97)
at com.framework.pages.BasePage.sendKeysWithoutClick(BasePage.java:34)
at com.framework.pages.QuickQuotePage.priorClaimHistory(QuickQuotePage.java:124)
at com.common.qa.testcases.DCTQuickQuoteTest.DCTQuickQuoteFlowTest1(DCTQuickQuoteTest.java:68)
at sun.reflect.NativeMethodAccessorImpl.invoke0(Native Method)
at sun.reflect.NativeMethodAccessorImpl.invoke(NativeMethodAccessorImpl.java:62)
at sun.reflect.DelegatingMethodAccessorImpl.invoke(DelegatingMethodAccessorImpl.java:43)
at java.lang.reflect.Method.invoke(Method.java:498)
at org.testng.internal.MethodInvocationHelper.invokeMethod(MethodInvocationHelper.java:124)
at org.testng.internal.Invoker.invokeMethod(Invoker.java:583)
at org.testng.internal.Invoker.invokeTestMethod(Invoker.java:719)
at org.testng.internal.TestMethodWithDataProviderMethodWorker.call(TestMethodWithDataProviderMethodWorker.java:71)
at org.testng.internal.TestMethodWithDataProviderMethodWorker.call(TestMethodWithDataProviderMethodWorker.java:14)
at java.util.concurrent.FutureTask.run(FutureTask.java:266)
at java.util.concurrent.Executors$RunnableAdapter.call(Executors.java:511)
at java.util.concurrent.FutureTask.run(FutureTask.java:266)
at java.util.concurrent.ThreadPoolExecutor.runWorker(ThreadPoolExecutor.java:1149)
at java.util.concurrent.ThreadPoolExecutor$Worker.run(ThreadPoolExecutor.java:624)
at java.lang.Thread.run(Thread.java:748)
]]>
            </full-stacktrace>
          </exception> <!-- java.lang.IllegalArgumentException -->
          <reporter-output>
          </reporter-output>
        </test-method> <!-- DCTQuickQuoteFlowTest1 -->
        <test-method status="FAIL" signature="DCTQuickQuoteFlowTest(java.util.Map)[pri:0, instance:com.common.qa.testcases.DCTQuickQuoteTest@548e7350]" name="DCTQuickQuoteFlowTest" duration-ms="28523" started-at="2021-07-05T07:10:08Z" description="To check whether user is able to create quote using Quick Quote on Chrome" finished-at="2021-07-05T07:10:37Z">
          <params>
            <param index="0">
              <value>
                <![CDATA[{nyftz=yes, produceremail=, insuredcontactemail=test@email.com, YearEstablished=, password=admin, insuredaddress=23, St taken, claimhistorycommants=testing, quoteprmium=10000, state=NY, zip=14804, ecrimelosssubmitofliability=, brokername=Bhuvanesh, noofclaims=100, Ecrime=no, testname=DCTQuickQuoteFlowTest, execute=yes, totallossincurred=3000000, guidelinedeductible=, finalpremium=10000, domain=www, amountpaid=1000, insuredcontactphone=1112223333, status=, option=one, lossdate=06/30/2021, dependentbusinesssubmitofliability=, city=New York, accounttype=New, ratablerevenue=10000, effectivedate=6/14/2021, brokerfirm=Crum, continutitydate=6/14/2021, browser=chrome, lossratio=61% to 100%, commission=20, company=Crum & Forster Specialty Insurance Company, insuredname=test0706, ExpandedFirstParty=yes, MultimediaCoverage=yes, yearsofpriorcoverage=20, aggregatelimitofliability=$500,000, WaitingPeriod=8, naicscode=, selecteddeductible=1000, priorclaimhistorystatus=Open, insuredcontactname=bhuvanesh, underwriter=Cheryl Shema, username=admin}]]>
              </value>
            </param>
          </params>
          <exception class="java.lang.NullPointerException">
            <full-stacktrace>
              <![CDATA[java.lang.NullPointerException
at com.framework.pages.QuickQuotePage.limitanddeductible(QuickQuotePage.java:180)
at com.common.qa.testcases.DCTQuickQuoteTest.DCTQuickQuoteFlowTest(DCTQuickQuoteTest.java:39)
at sun.reflect.NativeMethodAccessorImpl.invoke0(Native Method)
at sun.reflect.NativeMethodAccessorImpl.invoke(NativeMethodAccessorImpl.java:62)
at sun.reflect.DelegatingMethodAccessorImpl.invoke(DelegatingMethodAccessorImpl.java:43)
at java.lang.reflect.Method.invoke(Method.java:498)
at org.testng.internal.MethodInvocationHelper.invokeMethod(MethodInvocationHelper.java:124)
at org.testng.internal.Invoker.invokeMethod(Invoker.java:583)
at org.testng.internal.Invoker.invokeTestMethod(Invoker.java:719)
at org.testng.internal.TestMethodWithDataProviderMethodWorker.call(TestMethodWithDataProviderMethodWorker.java:71)
at org.testng.internal.TestMethodWithDataProviderMethodWorker.call(TestMethodWithDataProviderMethodWorker.java:14)
at java.util.concurrent.FutureTask.run(FutureTask.java:266)
at java.util.concurrent.Executors$RunnableAdapter.call(Executors.java:511)
at java.util.concurrent.FutureTask.run(FutureTask.java:266)
at java.util.concurrent.ThreadPoolExecutor.runWorker(ThreadPoolExecutor.java:1149)
at java.util.concurrent.ThreadPoolExecutor$Worker.run(ThreadPoolExecutor.java:624)
at java.lang.Thread.run(Thread.java:748)
]]>
            </full-stacktrace>
          </exception> <!-- java.lang.NullPointerException -->
          <reporter-output>
          </reporter-output>
        </test-method> <!-- DCTQuickQuoteFlowTest -->
        <test-method status="PASS" signature="tearDown()[pri:0, instance:com.common.qa.testcases.DCTQuickQuoteTest@548e7350]" name="tearDown" is-config="true" duration-ms="1539" started-at="2021-07-05T07:10:34Z" finished-at="2021-07-05T07:10:35Z">
          <reporter-output>
          </reporter-output>
        </test-method> <!-- tearDown -->
        <test-method status="PASS" signature="tearDown()[pri:0, instance:com.common.qa.testcases.DCTQuickQuoteTest@548e7350]" name="tearDown" is-config="true" duration-ms="1106" started-at="2021-07-05T07:10:37Z" finished-at="2021-07-05T07:10:38Z">
          <reporter-output>
          </reporter-output>
        </test-method> <!-- tearDown -->
      </class> <!-- com.common.qa.testcases.DCTQuickQuoteTest -->
    </test> <!-- Test -->
  </suite> <!-- Suite -->
</testng-results>
