<?xml version="1.0" encoding="UTF-8"?>
<testng-results skipped="0" failed="5" ignored="0" total="5" passed="0">
  <reporter-output>
  </reporter-output>
  <suite name="Suite" duration-ms="100559" started-at="2021-08-10T09:47:18Z" finished-at="2021-08-10T09:48:59Z">
    <groups>
    </groups>
    <test name="Test" duration-ms="100559" started-at="2021-08-10T09:47:18Z" finished-at="2021-08-10T09:48:59Z">
      <class name="com.common.qa.testcases.DCTQuickQuoteTest5">
        <test-method status="PASS" signature="setUp([Ljava.lang.Object;)[pri:0, instance:com.common.qa.testcases.DCTQuickQuoteTest5@3abbfa04]" name="setUp" is-config="true" duration-ms="3811" started-at="2021-08-10T09:48:30Z" finished-at="2021-08-10T09:48:34Z">
          <params>
            <param index="0">
              <value>
                <![CDATA[[Ljava.lang.Object;@ebaa6cb]]>
              </value>
            </param>
          </params>
          <reporter-output>
          </reporter-output>
        </test-method> <!-- setUp -->
        <test-method status="FAIL" signature="QuickQuoteFlowTest5(java.util.Map)[pri:0, instance:com.common.qa.testcases.DCTQuickQuoteTest5@3abbfa04]" name="QuickQuoteFlowTest5" duration-ms="23448" started-at="2021-08-10T09:48:34Z" description="Quick Quote Flow when user add two Prior Claim under prior claim history tab" finished-at="2021-08-10T09:48:57Z">
          <params>
            <param index="0">
              <value>
                <![CDATA[{=, NatureOfPaymentCardProcessingExposure_comment=, FinancialCondition_value=0.4, NatureOfPaymentCardProcessingExposure_value=, nyftz=yes, produceremail=crum@test.com, extracoveragecomment=test, insuredcontactemail=test@email.com, YearEstablished=2000, insuredaddress=23, St taken, policyterm=1 Year, Natureofcontent_value=, claimhistorycommants=testing, state=NY, MaturityOfBusiness_value=0.4, ransomwaresublimitliability=1000, zip=14804, PrivacyandSecurityControls_comment=, ParticipationInRiskControlProgram_value=, ecrimelosssubmitofliability=, fraudulentinvoice=no, noofclaims=2, TerritoryofOperations_value=, testname=QuickQuoteFlowTest5, ecrime=yes, execute=yes, producercontact=1234567891, guidelinedeductible=, domain=www, TerritoryofOperations_comment=, QualityOfManagement_comment=test, ParticipationInRiskControlProgram_comment=, amountpaid=1000, FinancialCondition_comment=test, insuredcontactphone=111-222-3333, additionalcoveragedescription=testing, advancedriskcontrolcomment=advanced risk control test, status=Open, MaturityOfBusiness_comment=testing, lossdate=06/30/2021, dependentbusinesssubmitofliability=, effectivedateTBD=no, NatureOfReputationalRiskExposure_value=, city=New York, accounttype=New, underwritercomment=ok, multimediacoverage=yes, ratablerevenue=10000, effectivedate=6/14/2021, priorclaimlossdate=7/7/2021, ScheduleRatingFactor=1, producerrname=Bhuvanesh, standardpremium=1000, continutitydate=6/14/2021, browser=chrome, PrivacyandSecurityControls_value=, company=Crum & Forster Specialty Insurance Company, commission=20, ratinglevel=Standard, quoteversiondescription=testing, VolumeOfInformationStored_value=, insuredname=test0804, totalincurred=1000, VolumeOfInformationStored_comment=, yearsofpriorcoverage=20, aggregatelimitofliability=$500,000, QualityOfManagement_value=0.4, naicscode=52421X Insurance Brokers, increasesublimits=no, Natureofcontent_comment=, waitingperiod=10, priorclaimhistorystatus=Open, expandedfirstparty=yes, ransomwarecoinsurance=10, limitanddeductibleoption=one, insuredcontactname=bhuvanesh, NatureOfReputationalRiskExposure_comment=, underwriter=Cheryl Shema, coveragepremiun=1000}]]>
              </value>
            </param>
          </params>
          <exception class="org.openqa.selenium.ElementClickInterceptedException">
            <message>
              <![CDATA[element click intercepted: Element <input id="f_lDC6D01C7D85D4A869B180C952D8E2A6137_4_1-inputEl" data-ref="inputEl" type="text" fieldref="LineUnderwritingInput.Underwriter" objectref="lDC6D01C7D85D4A869B180C952D8E2A61" size="1" name="f_lDC6D01C7D85D4A869B180C952D8E2A6137_4_1-inputEl" placeholder="(Select)" aria-hidden="false" aria-disabled="false" role="combobox" aria-haspopup="true" aria-expanded="false" aria-owns="f_lDC6D01C7D85D4A869B180C952D8E2A6137_4_1-inputEl f_lDC6D01C7D85D4A869B180C952D8E2A6137_4_1-picker-listEl" aria-autocomplete="list" aria-invalid="false" aria-readonly="false" aria-describedby="f_lDC6D01C7D85D4A869B180C952D8E2A6137_4_1-ariaStatusEl" aria-required="true" class="x-form-field x-form-required-field x-form-text x-form-text-default " autocomplete="off" data-componentid="f_lDC6D01C7D85D4A869B180C952D8E2A6137_4_1"> is not clickable at point (944, 405). Other element would receive the click: <div id="workbenchToolbar-innerCt" data-ref="innerCt" role="presentation" class="x-box-inner" style="width: 1125px; height: 22px;">...</div>
  (Session info: chrome=92.0.4515.107)
Build info: version: '3.141.59', revision: 'e82be7d358', time: '2018-11-14T08:17:03'
System info: host: 'BSIKAPUNVM1', ip: '172.18.42.103', os.name: 'Windows 10', os.arch: 'amd64', os.version: '10.0', java.version: '1.8.0_221'
Driver info: org.openqa.selenium.chrome.ChromeDriver
Capabilities {acceptInsecureCerts: false, browserName: chrome, browserVersion: 92.0.4515.107, chrome: {chromedriverVersion: 92.0.4515.43 (8c61b7e2989f2..., userDataDir: C:\Users\BSIKAR~1\AppData\L...}, goog:chromeOptions: {debuggerAddress: localhost:61810}, javascriptEnabled: true, networkConnectionEnabled: false, pageLoadStrategy: normal, platform: WINDOWS, platformName: WINDOWS, proxy: Proxy(), setWindowRect: true, strictFileInteractability: false, timeouts: {implicit: 0, pageLoad: 300000, script: 30000}, unhandledPromptBehavior: dismiss and notify, webauthn:extension:credBlob: true, webauthn:extension:largeBlob: true, webauthn:virtualAuthenticators: true}
Session ID: 77f1b557df753d99fbdfa4f0aced414a]]>
            </message>
            <full-stacktrace>
              <![CDATA[org.openqa.selenium.ElementClickInterceptedException: element click intercepted: Element <input id="f_lDC6D01C7D85D4A869B180C952D8E2A6137_4_1-inputEl" data-ref="inputEl" type="text" fieldref="LineUnderwritingInput.Underwriter" objectref="lDC6D01C7D85D4A869B180C952D8E2A61" size="1" name="f_lDC6D01C7D85D4A869B180C952D8E2A6137_4_1-inputEl" placeholder="(Select)" aria-hidden="false" aria-disabled="false" role="combobox" aria-haspopup="true" aria-expanded="false" aria-owns="f_lDC6D01C7D85D4A869B180C952D8E2A6137_4_1-inputEl f_lDC6D01C7D85D4A869B180C952D8E2A6137_4_1-picker-listEl" aria-autocomplete="list" aria-invalid="false" aria-readonly="false" aria-describedby="f_lDC6D01C7D85D4A869B180C952D8E2A6137_4_1-ariaStatusEl" aria-required="true" class="x-form-field x-form-required-field x-form-text x-form-text-default " autocomplete="off" data-componentid="f_lDC6D01C7D85D4A869B180C952D8E2A6137_4_1"> is not clickable at point (944, 405). Other element would receive the click: <div id="workbenchToolbar-innerCt" data-ref="innerCt" role="presentation" class="x-box-inner" style="width: 1125px; height: 22px;">...</div>
  (Session info: chrome=92.0.4515.107)
Build info: version: '3.141.59', revision: 'e82be7d358', time: '2018-11-14T08:17:03'
System info: host: 'BSIKAPUNVM1', ip: '172.18.42.103', os.name: 'Windows 10', os.arch: 'amd64', os.version: '10.0', java.version: '1.8.0_221'
Driver info: org.openqa.selenium.chrome.ChromeDriver
Capabilities {acceptInsecureCerts: false, browserName: chrome, browserVersion: 92.0.4515.107, chrome: {chromedriverVersion: 92.0.4515.43 (8c61b7e2989f2..., userDataDir: C:\Users\BSIKAR~1\AppData\L...}, goog:chromeOptions: {debuggerAddress: localhost:61810}, javascriptEnabled: true, networkConnectionEnabled: false, pageLoadStrategy: normal, platform: WINDOWS, platformName: WINDOWS, proxy: Proxy(), setWindowRect: true, strictFileInteractability: false, timeouts: {implicit: 0, pageLoad: 300000, script: 30000}, unhandledPromptBehavior: dismiss and notify, webauthn:extension:credBlob: true, webauthn:extension:largeBlob: true, webauthn:virtualAuthenticators: true}
Session ID: 77f1b557df753d99fbdfa4f0aced414a
at sun.reflect.NativeConstructorAccessorImpl.newInstance0(Native Method)
at sun.reflect.NativeConstructorAccessorImpl.newInstance(NativeConstructorAccessorImpl.java:62)
at sun.reflect.DelegatingConstructorAccessorImpl.newInstance(DelegatingConstructorAccessorImpl.java:45)
at java.lang.reflect.Constructor.newInstance(Constructor.java:423)
at org.openqa.selenium.remote.http.W3CHttpResponseCodec.createException(W3CHttpResponseCodec.java:187)
at org.openqa.selenium.remote.http.W3CHttpResponseCodec.decode(W3CHttpResponseCodec.java:122)
at org.openqa.selenium.remote.http.W3CHttpResponseCodec.decode(W3CHttpResponseCodec.java:49)
at org.openqa.selenium.remote.HttpCommandExecutor.execute(HttpCommandExecutor.java:158)
at org.openqa.selenium.remote.service.DriverCommandExecutor.execute(DriverCommandExecutor.java:83)
at org.openqa.selenium.remote.RemoteWebDriver.execute(RemoteWebDriver.java:552)
at org.openqa.selenium.remote.RemoteWebElement.execute(RemoteWebElement.java:285)
at org.openqa.selenium.remote.RemoteWebElement.click(RemoteWebElement.java:84)
at com.framework.pages.BasePage.sendKeysWithEnter(BasePage.java:57)
at com.framework.pages.GeneralScreenPage.enterQuickQuoteGenearlInfo(GeneralScreenPage.java:89)
at com.common.qa.testcases.DCTQuickQuoteTest5.QuickQuoteFlowTest5(DCTQuickQuoteTest5.java:31)
at sun.reflect.NativeMethodAccessorImpl.invoke0(Native Method)
at sun.reflect.NativeMethodAccessorImpl.invoke(NativeMethodAccessorImpl.java:62)
at sun.reflect.DelegatingMethodAccessorImpl.invoke(DelegatingMethodAccessorImpl.java:43)
at java.lang.reflect.Method.invoke(Method.java:498)
at org.testng.internal.MethodInvocationHelper.invokeMethod(MethodInvocationHelper.java:124)
at org.testng.internal.Invoker.invokeMethod(Invoker.java:583)
at org.testng.internal.Invoker.invokeTestMethod(Invoker.java:719)
at org.testng.internal.TestMethodWithDataProviderMethodWorker.call(TestMethodWithDataProviderMethodWorker.java:71)
at org.testng.internal.TestMethodWithDataProviderMethodWorker.call(TestMethodWithDataProviderMethodWorker.java:14)
at java.util.concurrent.FutureTask.run(FutureTask.java:266)
at java.util.concurrent.Executors$RunnableAdapter.call(Executors.java:511)
at java.util.concurrent.FutureTask.run(FutureTask.java:266)
at java.util.concurrent.ThreadPoolExecutor.runWorker(ThreadPoolExecutor.java:1149)
at java.util.concurrent.ThreadPoolExecutor$Worker.run(ThreadPoolExecutor.java:624)
at java.lang.Thread.run(Thread.java:748)
]]>
            </full-stacktrace>
          </exception> <!-- org.openqa.selenium.ElementClickInterceptedException -->
          <reporter-output>
          </reporter-output>
        </test-method> <!-- QuickQuoteFlowTest5 -->
        <test-method status="PASS" signature="tearDown()[pri:0, instance:com.common.qa.testcases.DCTQuickQuoteTest5@3abbfa04]" name="tearDown" is-config="true" duration-ms="1064" started-at="2021-08-10T09:48:57Z" finished-at="2021-08-10T09:48:59Z">
          <reporter-output>
          </reporter-output>
        </test-method> <!-- tearDown -->
      </class> <!-- com.common.qa.testcases.DCTQuickQuoteTest5 -->
      <class name="com.common.qa.testcases.DCTQuickQuoteTest4">
        <test-method status="PASS" signature="setUp([Ljava.lang.Object;)[pri:0, instance:com.common.qa.testcases.DCTQuickQuoteTest4@239963d8]" name="setUp" is-config="true" duration-ms="6432" started-at="2021-08-10T09:47:58Z" finished-at="2021-08-10T09:48:04Z">
          <params>
            <param index="0">
              <value>
                <![CDATA[[Ljava.lang.Object;@436bc36]]>
              </value>
            </param>
          </params>
          <reporter-output>
          </reporter-output>
        </test-method> <!-- setUp -->
        <test-method status="FAIL" signature="QuickQuoteFlowTest4(java.util.Map)[pri:0, instance:com.common.qa.testcases.DCTQuickQuoteTest4@239963d8]" name="QuickQuoteFlowTest4" duration-ms="24614" started-at="2021-08-10T09:48:04Z" description="When State is NJ and company is North River then coverger pricing then NJ PLIGA field will be displayed" finished-at="2021-08-10T09:48:29Z">
          <params>
            <param index="0">
              <value>
                <![CDATA[{=, NatureOfPaymentCardProcessingExposure_comment=, FinancialCondition_value=0.4, NatureOfPaymentCardProcessingExposure_value=, nyftz=yes, produceremail=crum@test.com, extracoveragecomment=test, insuredcontactemail=test@email.com, YearEstablished=2000, insuredaddress=23, St taken, policyterm=1 Year, Natureofcontent_value=, claimhistorycommants=testing, state=NJ, MaturityOfBusiness_value=0.4, ransomwaresublimitliability=1000, zip=14804, PrivacyandSecurityControls_comment=, ParticipationInRiskControlProgram_value=, ecrimelosssubmitofliability=, fraudulentinvoice=no, noofclaims=1, TerritoryofOperations_value=, testname=QuickQuoteFlowTest4, ecrime=yes, execute=yes, producercontact=1234567891, guidelinedeductible=, domain=www, TerritoryofOperations_comment=, QualityOfManagement_comment=test, ParticipationInRiskControlProgram_comment=, amountpaid=1000, FinancialCondition_comment=test, insuredcontactphone=111-222-3333, additionalcoveragedescription=testing, advancedriskcontrolcomment=advanced risk control test, status=Open, MaturityOfBusiness_comment=testing, lossdate=06/30/2021, dependentbusinesssubmitofliability=, effectivedateTBD=no, NatureOfReputationalRiskExposure_value=, city=New York, accounttype=New, underwritercomment=ok, multimediacoverage=yes, ratablerevenue=10000, effectivedate=6/14/2021, priorclaimlossdate=7/7/2021, ScheduleRatingFactor=1, producerrname=Bhuvanesh, standardpremium=1000, continutitydate=6/14/2021, browser=chrome, PrivacyandSecurityControls_value=, company=The North River Insurance Company, commission=20, ratinglevel=Standard, quoteversiondescription=testing, VolumeOfInformationStored_value=, insuredname=test0804, totalincurred=1000, VolumeOfInformationStored_comment=, yearsofpriorcoverage=20, aggregatelimitofliability=$500,000, QualityOfManagement_value=0.4, naicscode=52421X Insurance Brokers, increasesublimits=no, Natureofcontent_comment=, waitingperiod=10, priorclaimhistorystatus=Open, expandedfirstparty=yes, ransomwarecoinsurance=10, limitanddeductibleoption=one, insuredcontactname=bhuvanesh, NatureOfReputationalRiskExposure_comment=, underwriter=Cheryl Shema, coveragepremiun=1000}]]>
              </value>
            </param>
          </params>
          <exception class="org.openqa.selenium.ElementClickInterceptedException">
            <message>
              <![CDATA[element click intercepted: Element <input id="f_lE54F651D5A464B72823F3AACAB32030B37_4_1-inputEl" data-ref="inputEl" type="text" fieldref="LineUnderwritingInput.Underwriter" objectref="lE54F651D5A464B72823F3AACAB32030B" size="1" name="f_lE54F651D5A464B72823F3AACAB32030B37_4_1-inputEl" placeholder="(Select)" aria-hidden="false" aria-disabled="false" role="combobox" aria-haspopup="true" aria-expanded="false" aria-owns="f_lE54F651D5A464B72823F3AACAB32030B37_4_1-inputEl f_lE54F651D5A464B72823F3AACAB32030B37_4_1-picker-listEl" aria-autocomplete="list" aria-invalid="false" aria-readonly="false" aria-describedby="f_lE54F651D5A464B72823F3AACAB32030B37_4_1-ariaStatusEl" aria-required="true" class="x-form-field x-form-required-field x-form-text x-form-text-default " autocomplete="off" data-componentid="f_lE54F651D5A464B72823F3AACAB32030B37_4_1"> is not clickable at point (944, 405). Other element would receive the click: <div id="workbenchToolbar-innerCt" data-ref="innerCt" role="presentation" class="x-box-inner" style="width: 1125px; height: 22px;">...</div>
  (Session info: chrome=92.0.4515.107)
Build info: version: '3.141.59', revision: 'e82be7d358', time: '2018-11-14T08:17:03'
System info: host: 'BSIKAPUNVM1', ip: '172.18.42.103', os.name: 'Windows 10', os.arch: 'amd64', os.version: '10.0', java.version: '1.8.0_221'
Driver info: org.openqa.selenium.chrome.ChromeDriver
Capabilities {acceptInsecureCerts: false, browserName: chrome, browserVersion: 92.0.4515.107, chrome: {chromedriverVersion: 92.0.4515.43 (8c61b7e2989f2..., userDataDir: C:\Users\BSIKAR~1\AppData\L...}, goog:chromeOptions: {debuggerAddress: localhost:49593}, javascriptEnabled: true, networkConnectionEnabled: false, pageLoadStrategy: normal, platform: WINDOWS, platformName: WINDOWS, proxy: Proxy(), setWindowRect: true, strictFileInteractability: false, timeouts: {implicit: 0, pageLoad: 300000, script: 30000}, unhandledPromptBehavior: dismiss and notify, webauthn:extension:credBlob: true, webauthn:extension:largeBlob: true, webauthn:virtualAuthenticators: true}
Session ID: 40a0a7c094d0c751847eac0e46d8a2cb]]>
            </message>
            <full-stacktrace>
              <![CDATA[org.openqa.selenium.ElementClickInterceptedException: element click intercepted: Element <input id="f_lE54F651D5A464B72823F3AACAB32030B37_4_1-inputEl" data-ref="inputEl" type="text" fieldref="LineUnderwritingInput.Underwriter" objectref="lE54F651D5A464B72823F3AACAB32030B" size="1" name="f_lE54F651D5A464B72823F3AACAB32030B37_4_1-inputEl" placeholder="(Select)" aria-hidden="false" aria-disabled="false" role="combobox" aria-haspopup="true" aria-expanded="false" aria-owns="f_lE54F651D5A464B72823F3AACAB32030B37_4_1-inputEl f_lE54F651D5A464B72823F3AACAB32030B37_4_1-picker-listEl" aria-autocomplete="list" aria-invalid="false" aria-readonly="false" aria-describedby="f_lE54F651D5A464B72823F3AACAB32030B37_4_1-ariaStatusEl" aria-required="true" class="x-form-field x-form-required-field x-form-text x-form-text-default " autocomplete="off" data-componentid="f_lE54F651D5A464B72823F3AACAB32030B37_4_1"> is not clickable at point (944, 405). Other element would receive the click: <div id="workbenchToolbar-innerCt" data-ref="innerCt" role="presentation" class="x-box-inner" style="width: 1125px; height: 22px;">...</div>
  (Session info: chrome=92.0.4515.107)
Build info: version: '3.141.59', revision: 'e82be7d358', time: '2018-11-14T08:17:03'
System info: host: 'BSIKAPUNVM1', ip: '172.18.42.103', os.name: 'Windows 10', os.arch: 'amd64', os.version: '10.0', java.version: '1.8.0_221'
Driver info: org.openqa.selenium.chrome.ChromeDriver
Capabilities {acceptInsecureCerts: false, browserName: chrome, browserVersion: 92.0.4515.107, chrome: {chromedriverVersion: 92.0.4515.43 (8c61b7e2989f2..., userDataDir: C:\Users\BSIKAR~1\AppData\L...}, goog:chromeOptions: {debuggerAddress: localhost:49593}, javascriptEnabled: true, networkConnectionEnabled: false, pageLoadStrategy: normal, platform: WINDOWS, platformName: WINDOWS, proxy: Proxy(), setWindowRect: true, strictFileInteractability: false, timeouts: {implicit: 0, pageLoad: 300000, script: 30000}, unhandledPromptBehavior: dismiss and notify, webauthn:extension:credBlob: true, webauthn:extension:largeBlob: true, webauthn:virtualAuthenticators: true}
Session ID: 40a0a7c094d0c751847eac0e46d8a2cb
at sun.reflect.NativeConstructorAccessorImpl.newInstance0(Native Method)
at sun.reflect.NativeConstructorAccessorImpl.newInstance(NativeConstructorAccessorImpl.java:62)
at sun.reflect.DelegatingConstructorAccessorImpl.newInstance(DelegatingConstructorAccessorImpl.java:45)
at java.lang.reflect.Constructor.newInstance(Constructor.java:423)
at org.openqa.selenium.remote.http.W3CHttpResponseCodec.createException(W3CHttpResponseCodec.java:187)
at org.openqa.selenium.remote.http.W3CHttpResponseCodec.decode(W3CHttpResponseCodec.java:122)
at org.openqa.selenium.remote.http.W3CHttpResponseCodec.decode(W3CHttpResponseCodec.java:49)
at org.openqa.selenium.remote.HttpCommandExecutor.execute(HttpCommandExecutor.java:158)
at org.openqa.selenium.remote.service.DriverCommandExecutor.execute(DriverCommandExecutor.java:83)
at org.openqa.selenium.remote.RemoteWebDriver.execute(RemoteWebDriver.java:552)
at org.openqa.selenium.remote.RemoteWebElement.execute(RemoteWebElement.java:285)
at org.openqa.selenium.remote.RemoteWebElement.click(RemoteWebElement.java:84)
at com.framework.pages.BasePage.sendKeysWithEnter(BasePage.java:57)
at com.framework.pages.GeneralScreenPage.enterQuickQuoteGenearlInfo(GeneralScreenPage.java:89)
at com.common.qa.testcases.DCTQuickQuoteTest4.QuickQuoteFlowTest4(DCTQuickQuoteTest4.java:36)
at sun.reflect.NativeMethodAccessorImpl.invoke0(Native Method)
at sun.reflect.NativeMethodAccessorImpl.invoke(NativeMethodAccessorImpl.java:62)
at sun.reflect.DelegatingMethodAccessorImpl.invoke(DelegatingMethodAccessorImpl.java:43)
at java.lang.reflect.Method.invoke(Method.java:498)
at org.testng.internal.MethodInvocationHelper.invokeMethod(MethodInvocationHelper.java:124)
at org.testng.internal.Invoker.invokeMethod(Invoker.java:583)
at org.testng.internal.Invoker.invokeTestMethod(Invoker.java:719)
at org.testng.internal.TestMethodWithDataProviderMethodWorker.call(TestMethodWithDataProviderMethodWorker.java:71)
at org.testng.internal.TestMethodWithDataProviderMethodWorker.call(TestMethodWithDataProviderMethodWorker.java:14)
at java.util.concurrent.FutureTask.run(FutureTask.java:266)
at java.util.concurrent.Executors$RunnableAdapter.call(Executors.java:511)
at java.util.concurrent.FutureTask.run(FutureTask.java:266)
at java.util.concurrent.ThreadPoolExecutor.runWorker(ThreadPoolExecutor.java:1149)
at java.util.concurrent.ThreadPoolExecutor$Worker.run(ThreadPoolExecutor.java:624)
at java.lang.Thread.run(Thread.java:748)
]]>
            </full-stacktrace>
          </exception> <!-- org.openqa.selenium.ElementClickInterceptedException -->
          <reporter-output>
          </reporter-output>
        </test-method> <!-- QuickQuoteFlowTest4 -->
        <test-method status="PASS" signature="tearDown()[pri:0, instance:com.common.qa.testcases.DCTQuickQuoteTest4@239963d8]" name="tearDown" is-config="true" duration-ms="1239" started-at="2021-08-10T09:48:29Z" finished-at="2021-08-10T09:48:30Z">
          <reporter-output>
          </reporter-output>
        </test-method> <!-- tearDown -->
      </class> <!-- com.common.qa.testcases.DCTQuickQuoteTest4 -->
      <class name="com.common.qa.testcases.DCTQuickQuoteTest3">
        <test-method status="PASS" signature="setUp([Ljava.lang.Object;)[pri:0, instance:com.common.qa.testcases.DCTQuickQuoteTest3@13deb50e]" name="setUp" is-config="true" duration-ms="4543" started-at="2021-08-10T09:47:57Z" finished-at="2021-08-10T09:48:01Z">
          <params>
            <param index="0">
              <value>
                <![CDATA[[Ljava.lang.Object;@5fe1ce85]]>
              </value>
            </param>
          </params>
          <reporter-output>
          </reporter-output>
        </test-method> <!-- setUp -->
        <test-method status="FAIL" signature="QuickQuoteFlowTest3(java.util.Map)[pri:0, instance:com.common.qa.testcases.DCTQuickQuoteTest3@13deb50e]" name="QuickQuoteFlowTest3" duration-ms="28289" started-at="2021-08-10T09:48:01Z" description="Quick Quote Flow when selecting Effective date as TBD" finished-at="2021-08-10T09:48:30Z">
          <params>
            <param index="0">
              <value>
                <![CDATA[{=, NatureOfPaymentCardProcessingExposure_comment=, FinancialCondition_value=0.5, NatureOfPaymentCardProcessingExposure_value=, nyftz=yes, produceremail=crum@test.com, extracoveragecomment=test, insuredcontactemail=test@email.com, YearEstablished=2000, insuredaddress=23, St taken, policyterm=, Natureofcontent_value=, claimhistorycommants=testing, state=NY, MaturityOfBusiness_value=0.5, ransomwaresublimitliability=1000, zip=14804, PrivacyandSecurityControls_comment=, ParticipationInRiskControlProgram_value=, ecrimelosssubmitofliability=, fraudulentinvoice=no, noofclaims=1, TerritoryofOperations_value=, testname=QuickQuoteFlowTest3, ecrime=yes, execute=yes, producercontact=1234567891, guidelinedeductible=, domain=www, TerritoryofOperations_comment=, QualityOfManagement_comment=test, ParticipationInRiskControlProgram_comment=, amountpaid=1000, FinancialCondition_comment=test, insuredcontactphone=111-222-3333, additionalcoveragedescription=testing, advancedriskcontrolcomment=advanced risk control test, status=Open, MaturityOfBusiness_comment=testing, lossdate=06/30/2021, dependentbusinesssubmitofliability=, effectivedateTBD=yes, NatureOfReputationalRiskExposure_value=, city=New York, accounttype=New, underwritercomment=ok, multimediacoverage=yes, ratablerevenue=10000, effectivedate=, priorclaimlossdate=7/7/2021, ScheduleRatingFactor=1, producerrname=Bhuvanesh, standardpremium=1000, continutitydate=, browser=chrome, PrivacyandSecurityControls_value=, company=Crum & Forster Specialty Insurance Company, commission=20, ratinglevel=Standard, quoteversiondescription=testing, VolumeOfInformationStored_value=, insuredname=test0804, totalincurred=1000, VolumeOfInformationStored_comment=, yearsofpriorcoverage=20, aggregatelimitofliability=$500,000, QualityOfManagement_value=0.4, naicscode=52421X Insurance Brokers, increasesublimits=no, Natureofcontent_comment=, waitingperiod=10, priorclaimhistorystatus=Open, expandedfirstparty=yes, ransomwarecoinsurance=10, limitanddeductibleoption=one, insuredcontactname=bhuvanesh, NatureOfReputationalRiskExposure_comment=, underwriter=Cheryl Shema, coveragepremiun=1000}]]>
              </value>
            </param>
          </params>
          <exception class="org.openqa.selenium.ElementClickInterceptedException">
            <message>
              <![CDATA[element click intercepted: Element <input id="f_l16509C73140D48779DE0C0419BA0CD1A37_4_1-inputEl" data-ref="inputEl" type="text" fieldref="LineUnderwritingInput.Underwriter" objectref="l16509C73140D48779DE0C0419BA0CD1A" size="1" name="f_l16509C73140D48779DE0C0419BA0CD1A37_4_1-inputEl" placeholder="(Select)" aria-hidden="false" aria-disabled="false" role="combobox" aria-haspopup="true" aria-expanded="false" aria-owns="f_l16509C73140D48779DE0C0419BA0CD1A37_4_1-inputEl f_l16509C73140D48779DE0C0419BA0CD1A37_4_1-picker-listEl" aria-autocomplete="list" aria-invalid="false" aria-readonly="false" aria-describedby="f_l16509C73140D48779DE0C0419BA0CD1A37_4_1-ariaStatusEl" aria-required="true" class="x-form-field x-form-required-field x-form-text x-form-text-default " autocomplete="off" data-componentid="f_l16509C73140D48779DE0C0419BA0CD1A37_4_1"> is not clickable at point (944, 405). Other element would receive the click: <div id="workbenchToolbar-innerCt" data-ref="innerCt" role="presentation" class="x-box-inner" style="width: 1125px; height: 22px;">...</div>
  (Session info: chrome=92.0.4515.107)
Build info: version: '3.141.59', revision: 'e82be7d358', time: '2018-11-14T08:17:03'
System info: host: 'BSIKAPUNVM1', ip: '172.18.42.103', os.name: 'Windows 10', os.arch: 'amd64', os.version: '10.0', java.version: '1.8.0_221'
Driver info: org.openqa.selenium.chrome.ChromeDriver
Capabilities {acceptInsecureCerts: false, browserName: chrome, browserVersion: 92.0.4515.107, chrome: {chromedriverVersion: 92.0.4515.43 (8c61b7e2989f2..., userDataDir: C:\Users\BSIKAR~1\AppData\L...}, goog:chromeOptions: {debuggerAddress: localhost:53053}, javascriptEnabled: true, networkConnectionEnabled: false, pageLoadStrategy: normal, platform: WINDOWS, platformName: WINDOWS, proxy: Proxy(), setWindowRect: true, strictFileInteractability: false, timeouts: {implicit: 0, pageLoad: 300000, script: 30000}, unhandledPromptBehavior: dismiss and notify, webauthn:extension:credBlob: true, webauthn:extension:largeBlob: true, webauthn:virtualAuthenticators: true}
Session ID: 2f48c1f8bc19bc237b8e0a8cd66300f6]]>
            </message>
            <full-stacktrace>
              <![CDATA[org.openqa.selenium.ElementClickInterceptedException: element click intercepted: Element <input id="f_l16509C73140D48779DE0C0419BA0CD1A37_4_1-inputEl" data-ref="inputEl" type="text" fieldref="LineUnderwritingInput.Underwriter" objectref="l16509C73140D48779DE0C0419BA0CD1A" size="1" name="f_l16509C73140D48779DE0C0419BA0CD1A37_4_1-inputEl" placeholder="(Select)" aria-hidden="false" aria-disabled="false" role="combobox" aria-haspopup="true" aria-expanded="false" aria-owns="f_l16509C73140D48779DE0C0419BA0CD1A37_4_1-inputEl f_l16509C73140D48779DE0C0419BA0CD1A37_4_1-picker-listEl" aria-autocomplete="list" aria-invalid="false" aria-readonly="false" aria-describedby="f_l16509C73140D48779DE0C0419BA0CD1A37_4_1-ariaStatusEl" aria-required="true" class="x-form-field x-form-required-field x-form-text x-form-text-default " autocomplete="off" data-componentid="f_l16509C73140D48779DE0C0419BA0CD1A37_4_1"> is not clickable at point (944, 405). Other element would receive the click: <div id="workbenchToolbar-innerCt" data-ref="innerCt" role="presentation" class="x-box-inner" style="width: 1125px; height: 22px;">...</div>
  (Session info: chrome=92.0.4515.107)
Build info: version: '3.141.59', revision: 'e82be7d358', time: '2018-11-14T08:17:03'
System info: host: 'BSIKAPUNVM1', ip: '172.18.42.103', os.name: 'Windows 10', os.arch: 'amd64', os.version: '10.0', java.version: '1.8.0_221'
Driver info: org.openqa.selenium.chrome.ChromeDriver
Capabilities {acceptInsecureCerts: false, browserName: chrome, browserVersion: 92.0.4515.107, chrome: {chromedriverVersion: 92.0.4515.43 (8c61b7e2989f2..., userDataDir: C:\Users\BSIKAR~1\AppData\L...}, goog:chromeOptions: {debuggerAddress: localhost:53053}, javascriptEnabled: true, networkConnectionEnabled: false, pageLoadStrategy: normal, platform: WINDOWS, platformName: WINDOWS, proxy: Proxy(), setWindowRect: true, strictFileInteractability: false, timeouts: {implicit: 0, pageLoad: 300000, script: 30000}, unhandledPromptBehavior: dismiss and notify, webauthn:extension:credBlob: true, webauthn:extension:largeBlob: true, webauthn:virtualAuthenticators: true}
Session ID: 2f48c1f8bc19bc237b8e0a8cd66300f6
at sun.reflect.NativeConstructorAccessorImpl.newInstance0(Native Method)
at sun.reflect.NativeConstructorAccessorImpl.newInstance(NativeConstructorAccessorImpl.java:62)
at sun.reflect.DelegatingConstructorAccessorImpl.newInstance(DelegatingConstructorAccessorImpl.java:45)
at java.lang.reflect.Constructor.newInstance(Constructor.java:423)
at org.openqa.selenium.remote.http.W3CHttpResponseCodec.createException(W3CHttpResponseCodec.java:187)
at org.openqa.selenium.remote.http.W3CHttpResponseCodec.decode(W3CHttpResponseCodec.java:122)
at org.openqa.selenium.remote.http.W3CHttpResponseCodec.decode(W3CHttpResponseCodec.java:49)
at org.openqa.selenium.remote.HttpCommandExecutor.execute(HttpCommandExecutor.java:158)
at org.openqa.selenium.remote.service.DriverCommandExecutor.execute(DriverCommandExecutor.java:83)
at org.openqa.selenium.remote.RemoteWebDriver.execute(RemoteWebDriver.java:552)
at org.openqa.selenium.remote.RemoteWebElement.execute(RemoteWebElement.java:285)
at org.openqa.selenium.remote.RemoteWebElement.click(RemoteWebElement.java:84)
at com.framework.pages.BasePage.sendKeysWithEnter(BasePage.java:57)
at com.framework.pages.GeneralScreenPage.enterQuickQuoteGenearlInfo(GeneralScreenPage.java:89)
at com.common.qa.testcases.DCTQuickQuoteTest3.QuickQuoteFlowTest3(DCTQuickQuoteTest3.java:31)
at sun.reflect.NativeMethodAccessorImpl.invoke0(Native Method)
at sun.reflect.NativeMethodAccessorImpl.invoke(NativeMethodAccessorImpl.java:62)
at sun.reflect.DelegatingMethodAccessorImpl.invoke(DelegatingMethodAccessorImpl.java:43)
at java.lang.reflect.Method.invoke(Method.java:498)
at org.testng.internal.MethodInvocationHelper.invokeMethod(MethodInvocationHelper.java:124)
at org.testng.internal.Invoker.invokeMethod(Invoker.java:583)
at org.testng.internal.Invoker.invokeTestMethod(Invoker.java:719)
at org.testng.internal.TestMethodWithDataProviderMethodWorker.call(TestMethodWithDataProviderMethodWorker.java:71)
at org.testng.internal.TestMethodWithDataProviderMethodWorker.call(TestMethodWithDataProviderMethodWorker.java:14)
at java.util.concurrent.FutureTask.run(FutureTask.java:266)
at java.util.concurrent.Executors$RunnableAdapter.call(Executors.java:511)
at java.util.concurrent.FutureTask.run(FutureTask.java:266)
at java.util.concurrent.ThreadPoolExecutor.runWorker(ThreadPoolExecutor.java:1149)
at java.util.concurrent.ThreadPoolExecutor$Worker.run(ThreadPoolExecutor.java:624)
at java.lang.Thread.run(Thread.java:748)
]]>
            </full-stacktrace>
          </exception> <!-- org.openqa.selenium.ElementClickInterceptedException -->
          <reporter-output>
          </reporter-output>
        </test-method> <!-- QuickQuoteFlowTest3 -->
        <test-method status="PASS" signature="tearDown()[pri:0, instance:com.common.qa.testcases.DCTQuickQuoteTest3@13deb50e]" name="tearDown" is-config="true" duration-ms="1281" started-at="2021-08-10T09:48:30Z" finished-at="2021-08-10T09:48:31Z">
          <reporter-output>
          </reporter-output>
        </test-method> <!-- tearDown -->
      </class> <!-- com.common.qa.testcases.DCTQuickQuoteTest3 -->
      <class name="com.common.qa.testcases.DCTQuickQuoteTest2">
        <test-method status="PASS" signature="setUp([Ljava.lang.Object;)[pri:0, instance:com.common.qa.testcases.DCTQuickQuoteTest2@f6c48ac]" name="setUp" is-config="true" duration-ms="9075" started-at="2021-08-10T09:47:19Z" finished-at="2021-08-10T09:47:29Z">
          <params>
            <param index="0">
              <value>
                <![CDATA[[Ljava.lang.Object;@604c5de8]]>
              </value>
            </param>
          </params>
          <reporter-output>
          </reporter-output>
        </test-method> <!-- setUp -->
        <test-method status="FAIL" signature="QuickQuoteFlowTest2(java.util.Map)[pri:0, instance:com.common.qa.testcases.DCTQuickQuoteTest2@f6c48ac]" name="QuickQuoteFlowTest2" duration-ms="26885" started-at="2021-08-10T09:47:29Z" description="Quick Quote Flow when policy term as 6 months" finished-at="2021-08-10T09:47:55Z">
          <params>
            <param index="0">
              <value>
                <![CDATA[{=, NatureOfPaymentCardProcessingExposure_comment=, FinancialCondition_value=0.5, NatureOfPaymentCardProcessingExposure_value=, nyftz=yes, produceremail=crum@test.com, extracoveragecomment=test, insuredcontactemail=test@email.com, YearEstablished=2000, insuredaddress=23, St taken, policyterm=6 Months, Natureofcontent_value=, claimhistorycommants=testing, state=NY, MaturityOfBusiness_value=0.5, ransomwaresublimitliability=1000, zip=14804, PrivacyandSecurityControls_comment=, ParticipationInRiskControlProgram_value=, ecrimelosssubmitofliability=, fraudulentinvoice=no, noofclaims=1, TerritoryofOperations_value=, testname=QuickQuoteFlowTest2, ecrime=yes, execute=yes, producercontact=1234567891, guidelinedeductible=, domain=www, TerritoryofOperations_comment=, QualityOfManagement_comment=, ParticipationInRiskControlProgram_comment=, amountpaid=1000, FinancialCondition_comment=test, insuredcontactphone=111-222-3333, additionalcoveragedescription=testing, advancedriskcontrolcomment=advanced risk control test, status=Open, MaturityOfBusiness_comment=testing, lossdate=06/30/2021, dependentbusinesssubmitofliability=, effectivedateTBD=no, NatureOfReputationalRiskExposure_value=, city=New York, accounttype=New, underwritercomment=ok, multimediacoverage=yes, ratablerevenue=10000, effectivedate=6/14/2021, priorclaimlossdate=7/7/2021, ScheduleRatingFactor=1, producerrname=Bhuvanesh, standardpremium=1000, continutitydate=6/14/2021, browser=chrome, PrivacyandSecurityControls_value=, company=Crum & Forster Specialty Insurance Company, commission=20, ratinglevel=Standard, quoteversiondescription=testing, VolumeOfInformationStored_value=, insuredname=test0716, totalincurred=1000, VolumeOfInformationStored_comment=, yearsofpriorcoverage=20, aggregatelimitofliability=$500,000, QualityOfManagement_value=, naicscode=52421X Insurance Brokers, increasesublimits=no, Natureofcontent_comment=, waitingperiod=10, priorclaimhistorystatus=Close, expandedfirstparty=yes, ransomwarecoinsurance=10, limitanddeductibleoption=one, insuredcontactname=bhuvanesh, NatureOfReputationalRiskExposure_comment=, underwriter=Cheryl Shema, coveragepremiun=1000}]]>
              </value>
            </param>
          </params>
          <exception class="org.openqa.selenium.ElementClickInterceptedException">
            <message>
              <![CDATA[element click intercepted: Element <input id="f_l82362BA328C34F07B639E2BD26CC018B37_4_1-inputEl" data-ref="inputEl" type="text" fieldref="LineUnderwritingInput.Underwriter" objectref="l82362BA328C34F07B639E2BD26CC018B" size="1" name="f_l82362BA328C34F07B639E2BD26CC018B37_4_1-inputEl" placeholder="(Select)" aria-hidden="false" aria-disabled="false" role="combobox" aria-haspopup="true" aria-expanded="false" aria-owns="f_l82362BA328C34F07B639E2BD26CC018B37_4_1-inputEl f_l82362BA328C34F07B639E2BD26CC018B37_4_1-picker-listEl" aria-autocomplete="list" aria-invalid="false" aria-readonly="false" aria-describedby="f_l82362BA328C34F07B639E2BD26CC018B37_4_1-ariaStatusEl" aria-required="true" class="x-form-field x-form-required-field x-form-text x-form-text-default " autocomplete="off" data-componentid="f_l82362BA328C34F07B639E2BD26CC018B37_4_1"> is not clickable at point (944, 405). Other element would receive the click: <div id="workbenchToolbar-innerCt" data-ref="innerCt" role="presentation" class="x-box-inner" style="width: 1125px; height: 22px;">...</div>
  (Session info: chrome=92.0.4515.107)
Build info: version: '3.141.59', revision: 'e82be7d358', time: '2018-11-14T08:17:03'
System info: host: 'BSIKAPUNVM1', ip: '172.18.42.103', os.name: 'Windows 10', os.arch: 'amd64', os.version: '10.0', java.version: '1.8.0_221'
Driver info: org.openqa.selenium.chrome.ChromeDriver
Capabilities {acceptInsecureCerts: false, browserName: chrome, browserVersion: 92.0.4515.107, chrome: {chromedriverVersion: 92.0.4515.43 (8c61b7e2989f2..., userDataDir: C:\Users\BSIKAR~1\AppData\L...}, goog:chromeOptions: {debuggerAddress: localhost:55738}, javascriptEnabled: true, networkConnectionEnabled: false, pageLoadStrategy: normal, platform: WINDOWS, platformName: WINDOWS, proxy: Proxy(), setWindowRect: true, strictFileInteractability: false, timeouts: {implicit: 0, pageLoad: 300000, script: 30000}, unhandledPromptBehavior: dismiss and notify, webauthn:extension:credBlob: true, webauthn:extension:largeBlob: true, webauthn:virtualAuthenticators: true}
Session ID: f7726567543be7a133d2c35934fdf310]]>
            </message>
            <full-stacktrace>
              <![CDATA[org.openqa.selenium.ElementClickInterceptedException: element click intercepted: Element <input id="f_l82362BA328C34F07B639E2BD26CC018B37_4_1-inputEl" data-ref="inputEl" type="text" fieldref="LineUnderwritingInput.Underwriter" objectref="l82362BA328C34F07B639E2BD26CC018B" size="1" name="f_l82362BA328C34F07B639E2BD26CC018B37_4_1-inputEl" placeholder="(Select)" aria-hidden="false" aria-disabled="false" role="combobox" aria-haspopup="true" aria-expanded="false" aria-owns="f_l82362BA328C34F07B639E2BD26CC018B37_4_1-inputEl f_l82362BA328C34F07B639E2BD26CC018B37_4_1-picker-listEl" aria-autocomplete="list" aria-invalid="false" aria-readonly="false" aria-describedby="f_l82362BA328C34F07B639E2BD26CC018B37_4_1-ariaStatusEl" aria-required="true" class="x-form-field x-form-required-field x-form-text x-form-text-default " autocomplete="off" data-componentid="f_l82362BA328C34F07B639E2BD26CC018B37_4_1"> is not clickable at point (944, 405). Other element would receive the click: <div id="workbenchToolbar-innerCt" data-ref="innerCt" role="presentation" class="x-box-inner" style="width: 1125px; height: 22px;">...</div>
  (Session info: chrome=92.0.4515.107)
Build info: version: '3.141.59', revision: 'e82be7d358', time: '2018-11-14T08:17:03'
System info: host: 'BSIKAPUNVM1', ip: '172.18.42.103', os.name: 'Windows 10', os.arch: 'amd64', os.version: '10.0', java.version: '1.8.0_221'
Driver info: org.openqa.selenium.chrome.ChromeDriver
Capabilities {acceptInsecureCerts: false, browserName: chrome, browserVersion: 92.0.4515.107, chrome: {chromedriverVersion: 92.0.4515.43 (8c61b7e2989f2..., userDataDir: C:\Users\BSIKAR~1\AppData\L...}, goog:chromeOptions: {debuggerAddress: localhost:55738}, javascriptEnabled: true, networkConnectionEnabled: false, pageLoadStrategy: normal, platform: WINDOWS, platformName: WINDOWS, proxy: Proxy(), setWindowRect: true, strictFileInteractability: false, timeouts: {implicit: 0, pageLoad: 300000, script: 30000}, unhandledPromptBehavior: dismiss and notify, webauthn:extension:credBlob: true, webauthn:extension:largeBlob: true, webauthn:virtualAuthenticators: true}
Session ID: f7726567543be7a133d2c35934fdf310
at sun.reflect.NativeConstructorAccessorImpl.newInstance0(Native Method)
at sun.reflect.NativeConstructorAccessorImpl.newInstance(NativeConstructorAccessorImpl.java:62)
at sun.reflect.DelegatingConstructorAccessorImpl.newInstance(DelegatingConstructorAccessorImpl.java:45)
at java.lang.reflect.Constructor.newInstance(Constructor.java:423)
at org.openqa.selenium.remote.http.W3CHttpResponseCodec.createException(W3CHttpResponseCodec.java:187)
at org.openqa.selenium.remote.http.W3CHttpResponseCodec.decode(W3CHttpResponseCodec.java:122)
at org.openqa.selenium.remote.http.W3CHttpResponseCodec.decode(W3CHttpResponseCodec.java:49)
at org.openqa.selenium.remote.HttpCommandExecutor.execute(HttpCommandExecutor.java:158)
at org.openqa.selenium.remote.service.DriverCommandExecutor.execute(DriverCommandExecutor.java:83)
at org.openqa.selenium.remote.RemoteWebDriver.execute(RemoteWebDriver.java:552)
at org.openqa.selenium.remote.RemoteWebElement.execute(RemoteWebElement.java:285)
at org.openqa.selenium.remote.RemoteWebElement.click(RemoteWebElement.java:84)
at com.framework.pages.BasePage.sendKeysWithEnter(BasePage.java:57)
at com.framework.pages.GeneralScreenPage.enterQuickQuoteGenearlInfo(GeneralScreenPage.java:89)
at com.common.qa.testcases.DCTQuickQuoteTest2.QuickQuoteFlowTest2(DCTQuickQuoteTest2.java:33)
at sun.reflect.NativeMethodAccessorImpl.invoke0(Native Method)
at sun.reflect.NativeMethodAccessorImpl.invoke(NativeMethodAccessorImpl.java:62)
at sun.reflect.DelegatingMethodAccessorImpl.invoke(DelegatingMethodAccessorImpl.java:43)
at java.lang.reflect.Method.invoke(Method.java:498)
at org.testng.internal.MethodInvocationHelper.invokeMethod(MethodInvocationHelper.java:124)
at org.testng.internal.Invoker.invokeMethod(Invoker.java:583)
at org.testng.internal.Invoker.invokeTestMethod(Invoker.java:719)
at org.testng.internal.TestMethodWithDataProviderMethodWorker.call(TestMethodWithDataProviderMethodWorker.java:71)
at org.testng.internal.TestMethodWithDataProviderMethodWorker.call(TestMethodWithDataProviderMethodWorker.java:14)
at java.util.concurrent.FutureTask.run(FutureTask.java:266)
at java.util.concurrent.Executors$RunnableAdapter.call(Executors.java:511)
at java.util.concurrent.FutureTask.run(FutureTask.java:266)
at java.util.concurrent.ThreadPoolExecutor.runWorker(ThreadPoolExecutor.java:1149)
at java.util.concurrent.ThreadPoolExecutor$Worker.run(ThreadPoolExecutor.java:624)
at java.lang.Thread.run(Thread.java:748)
]]>
            </full-stacktrace>
          </exception> <!-- org.openqa.selenium.ElementClickInterceptedException -->
          <reporter-output>
          </reporter-output>
        </test-method> <!-- QuickQuoteFlowTest2 -->
        <test-method status="PASS" signature="tearDown()[pri:0, instance:com.common.qa.testcases.DCTQuickQuoteTest2@f6c48ac]" name="tearDown" is-config="true" duration-ms="1196" started-at="2021-08-10T09:47:56Z" finished-at="2021-08-10T09:47:57Z">
          <reporter-output>
          </reporter-output>
        </test-method> <!-- tearDown -->
      </class> <!-- com.common.qa.testcases.DCTQuickQuoteTest2 -->
      <class name="com.common.qa.testcases.DCTQuickQuoteTest1">
        <test-method status="PASS" signature="setUp([Ljava.lang.Object;)[pri:0, instance:com.common.qa.testcases.DCTQuickQuoteTest1@464bee09]" name="setUp" is-config="true" duration-ms="8687" started-at="2021-08-10T09:47:19Z" finished-at="2021-08-10T09:47:28Z">
          <params>
            <param index="0">
              <value>
                <![CDATA[[Ljava.lang.Object;@37091312]]>
              </value>
            </param>
          </params>
          <reporter-output>
          </reporter-output>
        </test-method> <!-- setUp -->
        <test-method status="FAIL" signature="QuickQuoteFlowTest1(java.util.Map)[pri:0, instance:com.common.qa.testcases.DCTQuickQuoteTest1@464bee09]" name="QuickQuoteFlowTest1" duration-ms="27962" started-at="2021-08-10T09:47:28Z" description="Quick Quote Flow when policy term as 1 year" finished-at="2021-08-10T09:47:56Z">
          <params>
            <param index="0">
              <value>
                <![CDATA[{=, NatureOfPaymentCardProcessingExposure_comment=, FinancialCondition_value=0.5, NatureOfPaymentCardProcessingExposure_value=, nyftz=yes, produceremail=crum@test.com, extracoveragecomment=test, insuredcontactemail=test@email.com, YearEstablished=2000, insuredaddress=23, St taken, policyterm=1 Year, Natureofcontent_value=, claimhistorycommants=testing, state=NY, MaturityOfBusiness_value=0.5, ransomwaresublimitliability=1000, zip=14804, PrivacyandSecurityControls_comment=, ParticipationInRiskControlProgram_value=, ecrimelosssubmitofliability=, fraudulentinvoice=no, noofclaims=1, TerritoryofOperations_value=, testname=QuickQuoteFlowTest1, ecrime=yes, execute=yes, producercontact=1234567891, guidelinedeductible=, domain=www, TerritoryofOperations_comment=, QualityOfManagement_comment=test, ParticipationInRiskControlProgram_comment=, amountpaid=1000, FinancialCondition_comment=test, insuredcontactphone=111-222-3333, additionalcoveragedescription=testing, advancedriskcontrolcomment=advanced risk control test, status=Open, MaturityOfBusiness_comment=testing, lossdate=06/30/2021, dependentbusinesssubmitofliability=, effectivedateTBD=no, NatureOfReputationalRiskExposure_value=, city=New York, accounttype=New, underwritercomment=ok, multimediacoverage=yes, ratablerevenue=10000, effectivedate=6/14/2021, priorclaimlossdate=7/7/2021, ScheduleRatingFactor=1, producerrname=Bhuvanesh, standardpremium=1000, continutitydate=6/14/2021, browser=chrome, PrivacyandSecurityControls_value=, company=Crum & Forster Specialty Insurance Company, commission=20, ratinglevel=Standard, quoteversiondescription=testing, VolumeOfInformationStored_value=, insuredname=test0716, totalincurred=1000, VolumeOfInformationStored_comment=, yearsofpriorcoverage=20, aggregatelimitofliability=$500,000, QualityOfManagement_value=0.4, naicscode=52421X Insurance Brokers, increasesublimits=no, Natureofcontent_comment=, waitingperiod=10, priorclaimhistorystatus=Open, expandedfirstparty=yes, ransomwarecoinsurance=10, limitanddeductibleoption=one, insuredcontactname=bhuvanesh, NatureOfReputationalRiskExposure_comment=, underwriter=Cheryl Shema, coveragepremiun=1000}]]>
              </value>
            </param>
          </params>
          <exception class="org.openqa.selenium.ElementClickInterceptedException">
            <message>
              <![CDATA[element click intercepted: Element <input id="f_lE9F9C5F232414B99BAF95414938C036B37_4_1-inputEl" data-ref="inputEl" type="text" fieldref="LineUnderwritingInput.Underwriter" objectref="lE9F9C5F232414B99BAF95414938C036B" size="1" name="f_lE9F9C5F232414B99BAF95414938C036B37_4_1-inputEl" placeholder="(Select)" aria-hidden="false" aria-disabled="false" role="combobox" aria-haspopup="true" aria-expanded="false" aria-owns="f_lE9F9C5F232414B99BAF95414938C036B37_4_1-inputEl f_lE9F9C5F232414B99BAF95414938C036B37_4_1-picker-listEl" aria-autocomplete="list" aria-invalid="false" aria-readonly="false" aria-describedby="f_lE9F9C5F232414B99BAF95414938C036B37_4_1-ariaStatusEl" aria-required="true" class="x-form-field x-form-required-field x-form-text x-form-text-default " autocomplete="off" data-componentid="f_lE9F9C5F232414B99BAF95414938C036B37_4_1"> is not clickable at point (944, 405). Other element would receive the click: <div id="workbenchToolbar-innerCt" data-ref="innerCt" role="presentation" class="x-box-inner" style="width: 1125px; height: 22px;">...</div>
  (Session info: chrome=92.0.4515.107)
Build info: version: '3.141.59', revision: 'e82be7d358', time: '2018-11-14T08:17:03'
System info: host: 'BSIKAPUNVM1', ip: '172.18.42.103', os.name: 'Windows 10', os.arch: 'amd64', os.version: '10.0', java.version: '1.8.0_221'
Driver info: org.openqa.selenium.chrome.ChromeDriver
Capabilities {acceptInsecureCerts: false, browserName: chrome, browserVersion: 92.0.4515.107, chrome: {chromedriverVersion: 92.0.4515.43 (8c61b7e2989f2..., userDataDir: C:\Users\BSIKAR~1\AppData\L...}, goog:chromeOptions: {debuggerAddress: localhost:55737}, javascriptEnabled: true, networkConnectionEnabled: false, pageLoadStrategy: normal, platform: WINDOWS, platformName: WINDOWS, proxy: Proxy(), setWindowRect: true, strictFileInteractability: false, timeouts: {implicit: 0, pageLoad: 300000, script: 30000}, unhandledPromptBehavior: dismiss and notify, webauthn:extension:credBlob: true, webauthn:extension:largeBlob: true, webauthn:virtualAuthenticators: true}
Session ID: 9509a81322fa6a1052784d093d115c70]]>
            </message>
            <full-stacktrace>
              <![CDATA[org.openqa.selenium.ElementClickInterceptedException: element click intercepted: Element <input id="f_lE9F9C5F232414B99BAF95414938C036B37_4_1-inputEl" data-ref="inputEl" type="text" fieldref="LineUnderwritingInput.Underwriter" objectref="lE9F9C5F232414B99BAF95414938C036B" size="1" name="f_lE9F9C5F232414B99BAF95414938C036B37_4_1-inputEl" placeholder="(Select)" aria-hidden="false" aria-disabled="false" role="combobox" aria-haspopup="true" aria-expanded="false" aria-owns="f_lE9F9C5F232414B99BAF95414938C036B37_4_1-inputEl f_lE9F9C5F232414B99BAF95414938C036B37_4_1-picker-listEl" aria-autocomplete="list" aria-invalid="false" aria-readonly="false" aria-describedby="f_lE9F9C5F232414B99BAF95414938C036B37_4_1-ariaStatusEl" aria-required="true" class="x-form-field x-form-required-field x-form-text x-form-text-default " autocomplete="off" data-componentid="f_lE9F9C5F232414B99BAF95414938C036B37_4_1"> is not clickable at point (944, 405). Other element would receive the click: <div id="workbenchToolbar-innerCt" data-ref="innerCt" role="presentation" class="x-box-inner" style="width: 1125px; height: 22px;">...</div>
  (Session info: chrome=92.0.4515.107)
Build info: version: '3.141.59', revision: 'e82be7d358', time: '2018-11-14T08:17:03'
System info: host: 'BSIKAPUNVM1', ip: '172.18.42.103', os.name: 'Windows 10', os.arch: 'amd64', os.version: '10.0', java.version: '1.8.0_221'
Driver info: org.openqa.selenium.chrome.ChromeDriver
Capabilities {acceptInsecureCerts: false, browserName: chrome, browserVersion: 92.0.4515.107, chrome: {chromedriverVersion: 92.0.4515.43 (8c61b7e2989f2..., userDataDir: C:\Users\BSIKAR~1\AppData\L...}, goog:chromeOptions: {debuggerAddress: localhost:55737}, javascriptEnabled: true, networkConnectionEnabled: false, pageLoadStrategy: normal, platform: WINDOWS, platformName: WINDOWS, proxy: Proxy(), setWindowRect: true, strictFileInteractability: false, timeouts: {implicit: 0, pageLoad: 300000, script: 30000}, unhandledPromptBehavior: dismiss and notify, webauthn:extension:credBlob: true, webauthn:extension:largeBlob: true, webauthn:virtualAuthenticators: true}
Session ID: 9509a81322fa6a1052784d093d115c70
at sun.reflect.NativeConstructorAccessorImpl.newInstance0(Native Method)
at sun.reflect.NativeConstructorAccessorImpl.newInstance(NativeConstructorAccessorImpl.java:62)
at sun.reflect.DelegatingConstructorAccessorImpl.newInstance(DelegatingConstructorAccessorImpl.java:45)
at java.lang.reflect.Constructor.newInstance(Constructor.java:423)
at org.openqa.selenium.remote.http.W3CHttpResponseCodec.createException(W3CHttpResponseCodec.java:187)
at org.openqa.selenium.remote.http.W3CHttpResponseCodec.decode(W3CHttpResponseCodec.java:122)
at org.openqa.selenium.remote.http.W3CHttpResponseCodec.decode(W3CHttpResponseCodec.java:49)
at org.openqa.selenium.remote.HttpCommandExecutor.execute(HttpCommandExecutor.java:158)
at org.openqa.selenium.remote.service.DriverCommandExecutor.execute(DriverCommandExecutor.java:83)
at org.openqa.selenium.remote.RemoteWebDriver.execute(RemoteWebDriver.java:552)
at org.openqa.selenium.remote.RemoteWebElement.execute(RemoteWebElement.java:285)
at org.openqa.selenium.remote.RemoteWebElement.click(RemoteWebElement.java:84)
at com.framework.pages.BasePage.sendKeysWithEnter(BasePage.java:57)
at com.framework.pages.GeneralScreenPage.enterQuickQuoteGenearlInfo(GeneralScreenPage.java:89)
at com.common.qa.testcases.DCTQuickQuoteTest1.QuickQuoteFlowTest1(DCTQuickQuoteTest1.java:31)
at sun.reflect.NativeMethodAccessorImpl.invoke0(Native Method)
at sun.reflect.NativeMethodAccessorImpl.invoke(NativeMethodAccessorImpl.java:62)
at sun.reflect.DelegatingMethodAccessorImpl.invoke(DelegatingMethodAccessorImpl.java:43)
at java.lang.reflect.Method.invoke(Method.java:498)
at org.testng.internal.MethodInvocationHelper.invokeMethod(MethodInvocationHelper.java:124)
at org.testng.internal.Invoker.invokeMethod(Invoker.java:583)
at org.testng.internal.Invoker.invokeTestMethod(Invoker.java:719)
at org.testng.internal.TestMethodWithDataProviderMethodWorker.call(TestMethodWithDataProviderMethodWorker.java:71)
at org.testng.internal.TestMethodWithDataProviderMethodWorker.call(TestMethodWithDataProviderMethodWorker.java:14)
at java.util.concurrent.FutureTask.run(FutureTask.java:266)
at java.util.concurrent.Executors$RunnableAdapter.call(Executors.java:511)
at java.util.concurrent.FutureTask.run(FutureTask.java:266)
at java.util.concurrent.ThreadPoolExecutor.runWorker(ThreadPoolExecutor.java:1149)
at java.util.concurrent.ThreadPoolExecutor$Worker.run(ThreadPoolExecutor.java:624)
at java.lang.Thread.run(Thread.java:748)
]]>
            </full-stacktrace>
          </exception> <!-- org.openqa.selenium.ElementClickInterceptedException -->
          <reporter-output>
          </reporter-output>
        </test-method> <!-- QuickQuoteFlowTest1 -->
        <test-method status="PASS" signature="tearDown()[pri:0, instance:com.common.qa.testcases.DCTQuickQuoteTest1@464bee09]" name="tearDown" is-config="true" duration-ms="1572" started-at="2021-08-10T09:47:56Z" finished-at="2021-08-10T09:47:58Z">
          <reporter-output>
          </reporter-output>
        </test-method> <!-- tearDown -->
      </class> <!-- com.common.qa.testcases.DCTQuickQuoteTest1 -->
    </test> <!-- Test -->
  </suite> <!-- Suite -->
</testng-results>
