<?xml version="1.0" encoding="UTF-8"?>
<testng-results skipped="0" failed="0" ignored="0" total="1" passed="1">
  <reporter-output>
  </reporter-output>
  <suite name="Suite" duration-ms="53555" started-at="2021-07-19T10:58:59Z" finished-at="2021-07-19T10:59:52Z">
    <groups>
    </groups>
    <test name="Test" duration-ms="53555" started-at="2021-07-19T10:58:59Z" finished-at="2021-07-19T10:59:52Z">
      <class name="com.common.qa.testcases.DCTQuickQuoteTest">
        <test-method status="PASS" signature="setUp([Ljava.lang.Object;)[pri:0, instance:com.common.qa.testcases.DCTQuickQuoteTest@1a968a59]" name="setUp" is-config="true" duration-ms="6940" started-at="2021-07-19T10:59:00Z" finished-at="2021-07-19T10:59:07Z">
          <params>
            <param index="0">
              <value>
                <![CDATA[[Ljava.lang.Object;@77258e59]]>
              </value>
            </param>
          </params>
          <reporter-output>
          </reporter-output>
        </test-method> <!-- setUp -->
        <test-method status="PASS" signature="DCTQuickQuoteFlowTest(java.util.Map)[pri:0, instance:com.common.qa.testcases.DCTQuickQuoteTest@1a968a59]" name="DCTQuickQuoteFlowTest" duration-ms="43935" started-at="2021-07-19T10:59:07Z" description="To check whether user is able to enter values in General and Prior Claim History Page on Chrome browser" finished-at="2021-07-19T10:59:51Z">
          <params>
            <param index="0">
              <value>
                <![CDATA[{nyftz=yes, produceremail=crum@test.com, extracoveragecomment=test, insuredcontactemail=test@email.com, YearEstablished=2000, insuredaddress=23, St taken, claimhistorycommants=testing, quoteprmium=10000, state=NY, zip=14804, ecrimelosssubmitofliability=, fraudulentinvoice=no, noofclaims=1, testname=DCTQuickQuoteFlowTest, ecrime=yes, execute=yes, producercontact=1234567891, guidelinedeductible=, finalpremium=10000, domain=www, amountpaid=1000, insuredcontactphone=111-222-3333, additionalcoveragedescription=testing, status=Open, option=one, lossdate=06/30/2021, dependentbusinesssubmitofliability=, city=New York, accounttype=New, underwritercomment=ok, multimediacoverage=yes, ratablerevenue=10000, effectivedate=6/14/2021, priorclaimlossdate=7/7/2021, producerrname=Bhuvanesh, continutitydate=6/14/2021, browser=chrome, company=Crum & Forster Specialty Insurance Company, commission=20, ratinglevel=Standard, quoteversiondescription=testing, insuredname=test0716, totalincurred=1000, yearsofpriorcoverage=20, aggregatelimitofliability=$500,000, naicscode=52421X Insurance Brokers, increasesublimits=no, selecteddeductible=1000, waitingperiod=10, priorclaimhistorystatus=Open, expandedfirstparty=yes, insuredcontactname=bhuvanesh, underwriter=Cheryl Shema, coveragepremiun=1000}]]>
              </value>
            </param>
          </params>
          <reporter-output>
          </reporter-output>
        </test-method> <!-- DCTQuickQuoteFlowTest -->
        <test-method status="PASS" signature="tearDown()[pri:0, instance:com.common.qa.testcases.DCTQuickQuoteTest@1a968a59]" name="tearDown" is-config="true" duration-ms="1084" started-at="2021-07-19T10:59:51Z" finished-at="2021-07-19T10:59:52Z">
          <reporter-output>
          </reporter-output>
        </test-method> <!-- tearDown -->
      </class> <!-- com.common.qa.testcases.DCTQuickQuoteTest -->
    </test> <!-- Test -->
  </suite> <!-- Suite -->
</testng-results>
