<?xml version="1.0" encoding="UTF-8"?>
<testng-results skipped="0" failed="1" ignored="0" total="1" passed="0">
  <reporter-output>
  </reporter-output>
  <suite name="Suite" duration-ms="197915" started-at="2021-08-09T13:27:34Z" finished-at="2021-08-09T13:30:52Z">
    <groups>
    </groups>
    <test name="Test" duration-ms="197915" started-at="2021-08-09T13:27:34Z" finished-at="2021-08-09T13:30:52Z">
      <class name="com.common.qa.testcases.DCTQuickQuoteTest5">
        <test-method status="PASS" signature="setUp([Ljava.lang.Object;)[pri:0, instance:com.common.qa.testcases.DCTQuickQuoteTest5@619713e5]" name="setUp" is-config="true" duration-ms="5153" started-at="2021-08-09T13:27:35Z" finished-at="2021-08-09T13:27:40Z">
          <params>
            <param index="0">
              <value>
                <![CDATA[[Ljava.lang.Object;@4c03a37]]>
              </value>
            </param>
          </params>
          <reporter-output>
          </reporter-output>
        </test-method> <!-- setUp -->
        <test-method status="FAIL" signature="QuickQuoteFlowTest5(java.util.Map)[pri:0, instance:com.common.qa.testcases.DCTQuickQuoteTest5@619713e5]" name="QuickQuoteFlowTest5" duration-ms="190074" started-at="2021-08-09T13:27:40Z" description="Quick Quote Flow when user add two Prior Claim under prior claim history tab" finished-at="2021-08-09T13:30:51Z">
          <params>
            <param index="0">
              <value>
                <![CDATA[{=, NatureOfPaymentCardProcessingExposure_comment=, FinancialCondition_value=0.4, NatureOfPaymentCardProcessingExposure_value=, nyftz=yes, produceremail=crum@test.com, extracoveragecomment=test, insuredcontactemail=test@email.com, YearEstablished=2000, insuredaddress=23, St taken, policyterm=1 Year, Natureofcontent_value=, claimhistorycommants=testing, state=NY, MaturityOfBusiness_value=0.4, ransomwaresublimitliability=1000, zip=14804, PrivacyandSecurityControls_comment=, ParticipationInRiskControlProgram_value=, ecrimelosssubmitofliability=, fraudulentinvoice=no, noofclaims=2, TerritoryofOperations_value=, testname=QuickQuoteFlowTest5, ecrime=yes, execute=yes, producercontact=1234567891, guidelinedeductible=, domain=www, TerritoryofOperations_comment=, QualityOfManagement_comment=test, ParticipationInRiskControlProgram_comment=, amountpaid=1000, FinancialCondition_comment=test, insuredcontactphone=111-222-3333, additionalcoveragedescription=testing, advancedriskcontrolcomment=advanced risk control test, status=Open, MaturityOfBusiness_comment=testing, lossdate=06/30/2021, dependentbusinesssubmitofliability=, effectivedateTBD=no, NatureOfReputationalRiskExposure_value=, city=New York, accounttype=New, underwritercomment=ok, multimediacoverage=yes, ratablerevenue=10000, effectivedate=6/14/2021, priorclaimlossdate=7/7/2021, ScheduleRatingFactor=1, producerrname=Bhuvanesh, standardpremium=1000, continutitydate=6/14/2021, browser=chrome, PrivacyandSecurityControls_value=, company=Crum & Forster Specialty Insurance Company, commission=20, ratinglevel=Standard, quoteversiondescription=testing, VolumeOfInformationStored_value=, insuredname=test0804, totalincurred=1000, VolumeOfInformationStored_comment=, yearsofpriorcoverage=20, aggregatelimitofliability=$500,000, QualityOfManagement_value=0.4, naicscode=52421X Insurance Brokers, increasesublimits=no, Natureofcontent_comment=, waitingperiod=10, priorclaimhistorystatus=Open, expandedfirstparty=yes, ransomwarecoinsurance=10, limitanddeductibleoption=one, insuredcontactname=bhuvanesh, NatureOfReputationalRiskExposure_comment=, underwriter=Cheryl Shema, coveragepremiun=1000}]]>
              </value>
            </param>
          </params>
          <exception class="org.openqa.selenium.ElementClickInterceptedException">
            <message>
              <![CDATA[element click intercepted: Element <span class="g-btn-text" data-qtip="" data-tip="">...</span> is not clickable at point (226, 559). Other element would receive the click: <a class="x-btn x-unselectable x-box-item x-toolbar-item x-btn-default-toolbar-small tskbr-group" hidefocus="on" unselectable="on" role="button" aria-hidden="false" aria-disabled="false" aria-haspopup="true" aria-owns="TasksForPanelId" id="taskstaskbargroup" tabindex="0" data-componentid="taskstaskbargroup" style="right: auto; left: 171px; top: 0px; margin: 0px;">...</a>
  (Session info: chrome=92.0.4515.107)
Build info: version: '3.141.59', revision: 'e82be7d358', time: '2018-11-14T08:17:03'
System info: host: 'BSIKAPUNVM1', ip: '172.18.42.103', os.name: 'Windows 10', os.arch: 'amd64', os.version: '10.0', java.version: '1.8.0_221'
Driver info: org.openqa.selenium.chrome.ChromeDriver
Capabilities {acceptInsecureCerts: false, browserName: chrome, browserVersion: 92.0.4515.107, chrome: {chromedriverVersion: 92.0.4515.43 (8c61b7e2989f2..., userDataDir: C:\Users\BSIKAR~1\AppData\L...}, goog:chromeOptions: {debuggerAddress: localhost:52967}, javascriptEnabled: true, networkConnectionEnabled: false, pageLoadStrategy: normal, platform: WINDOWS, platformName: WINDOWS, proxy: Proxy(), setWindowRect: true, strictFileInteractability: false, timeouts: {implicit: 0, pageLoad: 300000, script: 30000}, unhandledPromptBehavior: dismiss and notify, webauthn:extension:credBlob: true, webauthn:extension:largeBlob: true, webauthn:virtualAuthenticators: true}
Session ID: 1126228d38f0c642df0084ebebfb35bb]]>
            </message>
            <full-stacktrace>
              <![CDATA[org.openqa.selenium.ElementClickInterceptedException: element click intercepted: Element <span class="g-btn-text" data-qtip="" data-tip="">...</span> is not clickable at point (226, 559). Other element would receive the click: <a class="x-btn x-unselectable x-box-item x-toolbar-item x-btn-default-toolbar-small tskbr-group" hidefocus="on" unselectable="on" role="button" aria-hidden="false" aria-disabled="false" aria-haspopup="true" aria-owns="TasksForPanelId" id="taskstaskbargroup" tabindex="0" data-componentid="taskstaskbargroup" style="right: auto; left: 171px; top: 0px; margin: 0px;">...</a>
  (Session info: chrome=92.0.4515.107)
Build info: version: '3.141.59', revision: 'e82be7d358', time: '2018-11-14T08:17:03'
System info: host: 'BSIKAPUNVM1', ip: '172.18.42.103', os.name: 'Windows 10', os.arch: 'amd64', os.version: '10.0', java.version: '1.8.0_221'
Driver info: org.openqa.selenium.chrome.ChromeDriver
Capabilities {acceptInsecureCerts: false, browserName: chrome, browserVersion: 92.0.4515.107, chrome: {chromedriverVersion: 92.0.4515.43 (8c61b7e2989f2..., userDataDir: C:\Users\BSIKAR~1\AppData\L...}, goog:chromeOptions: {debuggerAddress: localhost:52967}, javascriptEnabled: true, networkConnectionEnabled: false, pageLoadStrategy: normal, platform: WINDOWS, platformName: WINDOWS, proxy: Proxy(), setWindowRect: true, strictFileInteractability: false, timeouts: {implicit: 0, pageLoad: 300000, script: 30000}, unhandledPromptBehavior: dismiss and notify, webauthn:extension:credBlob: true, webauthn:extension:largeBlob: true, webauthn:virtualAuthenticators: true}
Session ID: 1126228d38f0c642df0084ebebfb35bb
at sun.reflect.NativeConstructorAccessorImpl.newInstance0(Native Method)
at sun.reflect.NativeConstructorAccessorImpl.newInstance(NativeConstructorAccessorImpl.java:62)
at sun.reflect.DelegatingConstructorAccessorImpl.newInstance(DelegatingConstructorAccessorImpl.java:45)
at java.lang.reflect.Constructor.newInstance(Constructor.java:423)
at org.openqa.selenium.remote.http.W3CHttpResponseCodec.createException(W3CHttpResponseCodec.java:187)
at org.openqa.selenium.remote.http.W3CHttpResponseCodec.decode(W3CHttpResponseCodec.java:122)
at org.openqa.selenium.remote.http.W3CHttpResponseCodec.decode(W3CHttpResponseCodec.java:49)
at org.openqa.selenium.remote.HttpCommandExecutor.execute(HttpCommandExecutor.java:158)
at org.openqa.selenium.remote.service.DriverCommandExecutor.execute(DriverCommandExecutor.java:83)
at org.openqa.selenium.remote.RemoteWebDriver.execute(RemoteWebDriver.java:552)
at org.openqa.selenium.remote.RemoteWebElement.execute(RemoteWebElement.java:285)
at org.openqa.selenium.remote.RemoteWebElement.click(RemoteWebElement.java:84)
at com.framework.pages.BasePage.click(BasePage.java:15)
at com.framework.pages.PriorClaimHistoryPage.priorClaimHistory(PriorClaimHistoryPage.java:46)
at com.common.qa.testcases.DCTQuickQuoteTest5.QuickQuoteFlowTest5(DCTQuickQuoteTest5.java:42)
at sun.reflect.NativeMethodAccessorImpl.invoke0(Native Method)
at sun.reflect.NativeMethodAccessorImpl.invoke(NativeMethodAccessorImpl.java:62)
at sun.reflect.DelegatingMethodAccessorImpl.invoke(DelegatingMethodAccessorImpl.java:43)
at java.lang.reflect.Method.invoke(Method.java:498)
at org.testng.internal.MethodInvocationHelper.invokeMethod(MethodInvocationHelper.java:124)
at org.testng.internal.Invoker.invokeMethod(Invoker.java:583)
at org.testng.internal.Invoker.invokeTestMethod(Invoker.java:719)
at org.testng.internal.TestMethodWithDataProviderMethodWorker.call(TestMethodWithDataProviderMethodWorker.java:71)
at org.testng.internal.TestMethodWithDataProviderMethodWorker.call(TestMethodWithDataProviderMethodWorker.java:14)
at java.util.concurrent.FutureTask.run(FutureTask.java:266)
at java.util.concurrent.Executors$RunnableAdapter.call(Executors.java:511)
at java.util.concurrent.FutureTask.run(FutureTask.java:266)
at java.util.concurrent.ThreadPoolExecutor.runWorker(ThreadPoolExecutor.java:1149)
at java.util.concurrent.ThreadPoolExecutor$Worker.run(ThreadPoolExecutor.java:624)
at java.lang.Thread.run(Thread.java:748)
]]>
            </full-stacktrace>
          </exception> <!-- org.openqa.selenium.ElementClickInterceptedException -->
          <reporter-output>
          </reporter-output>
        </test-method> <!-- QuickQuoteFlowTest5 -->
        <test-method status="PASS" signature="tearDown()[pri:0, instance:com.common.qa.testcases.DCTQuickQuoteTest5@619713e5]" name="tearDown" is-config="true" duration-ms="1239" started-at="2021-08-09T13:30:51Z" finished-at="2021-08-09T13:30:52Z">
          <reporter-output>
          </reporter-output>
        </test-method> <!-- tearDown -->
      </class> <!-- com.common.qa.testcases.DCTQuickQuoteTest5 -->
    </test> <!-- Test -->
  </suite> <!-- Suite -->
</testng-results>
