<?xml version="1.0" encoding="UTF-8"?>
<testng-results skipped="0" failed="0" ignored="0" total="1" passed="1">
  <reporter-output>
  </reporter-output>
  <suite name="Suite" duration-ms="7195" started-at="2021-05-18T18:53:39Z" finished-at="2021-05-18T18:53:46Z">
    <groups>
    </groups>
    <test name="Test" duration-ms="7195" started-at="2021-05-18T18:53:39Z" finished-at="2021-05-18T18:53:46Z">
      <class name="com.tests.OrangeHRMTest">
        <test-method status="PASS" signature="setUp()[pri:0, instance:com.tests.OrangeHRMTest@66a3ffec]" name="setUp" is-config="true" duration-ms="3142" started-at="2021-05-18T18:53:40Z" finished-at="2021-05-18T18:53:43Z">
          <reporter-output>
          </reporter-output>
        </test-method> <!-- setUp -->
        <test-method status="PASS" signature="loginLogoutTest(java.lang.String, java.lang.String)[pri:0, instance:com.tests.OrangeHRMTest@66a3ffec]" name="loginLogoutTest" duration-ms="2416" started-at="2021-05-18T18:53:43Z" description="To check whether the user can successfully login and logout" data-provider="LoginTestDataProvider" finished-at="2021-05-18T18:53:46Z">
          <params>
            <param index="0">
              <value>
                <![CDATA[Admin]]>
              </value>
            </param>
            <param index="1">
              <value>
                <![CDATA[admin123]]>
              </value>
            </param>
          </params>
          <reporter-output>
          </reporter-output>
        </test-method> <!-- loginLogoutTest -->
        <test-method status="PASS" signature="tearDown()[pri:0, instance:com.tests.OrangeHRMTest@66a3ffec]" name="tearDown" is-config="true" duration-ms="766" started-at="2021-05-18T18:53:46Z" finished-at="2021-05-18T18:53:46Z">
          <reporter-output>
          </reporter-output>
        </test-method> <!-- tearDown -->
      </class> <!-- com.tests.OrangeHRMTest -->
    </test> <!-- Test -->
  </suite> <!-- Suite -->
</testng-results>
