<?xml version="1.0" encoding="UTF-8"?>
<testng-results skipped="0" failed="1" ignored="0" total="1" passed="0">
  <reporter-output>
  </reporter-output>
  <suite name="Suite" duration-ms="45001" started-at="2021-06-28T10:37:25Z" finished-at="2021-06-28T10:38:10Z">
    <groups>
    </groups>
    <test name="Test" duration-ms="45001" started-at="2021-06-28T10:37:25Z" finished-at="2021-06-28T10:38:10Z">
      <class name="com.common.qa.testcases.DCTQuickQuoteTest">
        <test-method status="PASS" signature="setUp([Ljava.lang.Object;)[pri:0, instance:com.common.qa.testcases.DCTQuickQuoteTest@6d4b1c02]" name="setUp" is-config="true" duration-ms="4036" started-at="2021-06-28T10:37:26Z" finished-at="2021-06-28T10:37:30Z">
          <params>
            <param index="0">
              <value>
                <![CDATA[[Ljava.lang.Object;@1b7c473a]]>
              </value>
            </param>
          </params>
          <reporter-output>
          </reporter-output>
        </test-method> <!-- setUp -->
        <test-method status="FAIL" signature="DCTQuickQuoteFlowTest(java.util.Map)[pri:0, instance:com.common.qa.testcases.DCTQuickQuoteTest@6d4b1c02]" name="DCTQuickQuoteFlowTest" duration-ms="39002" started-at="2021-06-28T10:37:30Z" description="To check whether user is able to create quote using Quick Quote" finished-at="2021-06-28T10:38:09Z">
          <params>
            <param index="0">
              <value>
                <![CDATA[{lossdate=, dependentbusinesssubmitofliability=, city=New York, nyftz=yes, accounttype=New, produceremail=, ratablerevenue=10000, effectivedate=6/14/2021, insuredcontactemail=test@email.com, YearEstablished=, password=admin, insuredaddress=23, St taken, continutitydate=6/14/2021, browser=chrome, lossratio=61% to 100%, claimhistorycommants=testing, quoteprmium=, commission=20, company=Crum & Forster Specialty Insurance Company, state=NY, zip=14804, ecrimelosssubmitofliability=, insuredname=test0706, ExpandedFirstParty=yes, MultimediaCoverage=yes, yearsofpriorcoverage=20, aggregatelimitofliability=, WaitingPeriod=8, noofclaims=100, naicscode=, selecteddeductible=, Ecrime=no, testname=DCTQuickQuoteFlowTest, execute=yes, totallossincurred=3000000, guidelinedeductible=, insuredcontactname=bhuvanesh, domain=www, amountpaid=, insuredcontactphone=378873878, underwriter=Cheryl Shema, username=admin, status=}]]>
              </value>
            </param>
          </params>
          <exception class="java.lang.NullPointerException">
            <full-stacktrace>
              <![CDATA[java.lang.NullPointerException
at com.framework.pages.QuickQuotePage.covereageOptions(QuickQuotePage.java:124)
at com.common.qa.testcases.DCTQuickQuoteTest.DCTQuickQuoteFlowTest(DCTQuickQuoteTest.java:39)
at sun.reflect.NativeMethodAccessorImpl.invoke0(Native Method)
at sun.reflect.NativeMethodAccessorImpl.invoke(NativeMethodAccessorImpl.java:62)
at sun.reflect.DelegatingMethodAccessorImpl.invoke(DelegatingMethodAccessorImpl.java:43)
at java.lang.reflect.Method.invoke(Method.java:498)
at org.testng.internal.MethodInvocationHelper.invokeMethod(MethodInvocationHelper.java:124)
at org.testng.internal.Invoker.invokeMethod(Invoker.java:583)
at org.testng.internal.Invoker.invokeTestMethod(Invoker.java:719)
at org.testng.internal.TestMethodWithDataProviderMethodWorker.call(TestMethodWithDataProviderMethodWorker.java:71)
at org.testng.internal.TestMethodWithDataProviderMethodWorker.call(TestMethodWithDataProviderMethodWorker.java:14)
at java.util.concurrent.FutureTask.run(FutureTask.java:266)
at java.util.concurrent.Executors$RunnableAdapter.call(Executors.java:511)
at java.util.concurrent.FutureTask.run(FutureTask.java:266)
at java.util.concurrent.ThreadPoolExecutor.runWorker(ThreadPoolExecutor.java:1149)
at java.util.concurrent.ThreadPoolExecutor$Worker.run(ThreadPoolExecutor.java:624)
at java.lang.Thread.run(Thread.java:748)
]]>
            </full-stacktrace>
          </exception> <!-- java.lang.NullPointerException -->
          <reporter-output>
          </reporter-output>
        </test-method> <!-- DCTQuickQuoteFlowTest -->
        <test-method status="PASS" signature="tearDown()[pri:0, instance:com.common.qa.testcases.DCTQuickQuoteTest@6d4b1c02]" name="tearDown" is-config="true" duration-ms="854" started-at="2021-06-28T10:38:09Z" finished-at="2021-06-28T10:38:10Z">
          <reporter-output>
          </reporter-output>
        </test-method> <!-- tearDown -->
      </class> <!-- com.common.qa.testcases.DCTQuickQuoteTest -->
    </test> <!-- Test -->
  </suite> <!-- Suite -->
</testng-results>
