<?xml version="1.0" encoding="UTF-8"?>
<testng-results skipped="0" failed="0" ignored="0" total="1" passed="1">
  <reporter-output>
  </reporter-output>
  <suite name="Suite" duration-ms="38954" started-at="2021-08-11T15:31:52Z" finished-at="2021-08-11T15:32:31Z">
    <groups>
    </groups>
    <test name="Test" duration-ms="38954" started-at="2021-08-11T15:31:52Z" finished-at="2021-08-11T15:32:31Z">
      <class name="com.common.qa.testcases.DCTQuickQuoteTest6">
        <test-method status="PASS" signature="setUp([Ljava.lang.Object;)[pri:0, instance:com.common.qa.testcases.DCTQuickQuoteTest6@31ef45e3]" name="setUp" is-config="true" duration-ms="5385" started-at="2021-08-11T15:31:54Z" finished-at="2021-08-11T15:31:59Z">
          <params>
            <param index="0">
              <value>
                <![CDATA[[Ljava.lang.Object;@ebaa6cb]]>
              </value>
            </param>
          </params>
          <reporter-output>
          </reporter-output>
        </test-method> <!-- setUp -->
        <test-method status="PASS" signature="QuickQuoteFlowTest6(java.util.Map)[pri:0, instance:com.common.qa.testcases.DCTQuickQuoteTest6@31ef45e3]" name="QuickQuoteFlowTest6" duration-ms="31284" started-at="2021-08-11T15:31:59Z" description="When State is NY and company is North River then NYFTZ is autochecked" finished-at="2021-08-11T15:32:30Z">
          <params>
            <param index="0">
              <value>
                <![CDATA[{=, NatureOfPaymentCardProcessingExposure_comment=, FinancialCondition_value=0.4, NatureOfPaymentCardProcessingExposure_value=, nyftz=, produceremail=crum@test.com, extracoveragecomment=test, insuredcontactemail=test@email.com, YearEstablished=2000, insuredaddress=23, St taken, policyterm=1 Year, Natureofcontent_value=, claimhistorycommants=testing, state=NY, MaturityOfBusiness_value=0.4, ransomwaresublimitliability=1000, zip=14804, PrivacyandSecurityControls_comment=, ParticipationInRiskControlProgram_value=, ecrimelosssubmitofliability=, fraudulentinvoice=no, noofclaims=2, TerritoryofOperations_value=, testname=QuickQuoteFlowTest6, ecrime=yes, execute=yes, producercontact=1234567891, guidelinedeductible=, domain=www, TerritoryofOperations_comment=, QualityOfManagement_comment=test, ParticipationInRiskControlProgram_comment=, amountpaid=1000, FinancialCondition_comment=test, insuredcontactphone=111-222-3333, additionalcoveragedescription=testing, advancedriskcontrolcomment=advanced risk control test, status=Open, MaturityOfBusiness_comment=testing, lossdate=06/30/2021, dependentbusinesssubmitofliability=, effectivedateTBD=no, NatureOfReputationalRiskExposure_value=, city=New York, accounttype=New, underwritercomment=ok, multimediacoverage=yes, ratablerevenue=10000, effectivedate=6/14/2021, priorclaimlossdate=7/7/2021, ScheduleRatingFactor=1, producerrname=Bhuvanesh, standardpremium=1000, continutitydate=6/14/2021, browser=chrome, PrivacyandSecurityControls_value=, company=The North River Insurance Company, commission=20, ratinglevel=Standard, quoteversiondescription=testing, VolumeOfInformationStored_value=, insuredname=test0804, totalincurred=1000, VolumeOfInformationStored_comment=, yearsofpriorcoverage=20, aggregatelimitofliability=$500,000, QualityOfManagement_value=0.4, naicscode=52421X Insurance Brokers, increasesublimits=no, Natureofcontent_comment=, waitingperiod=10, priorclaimhistorystatus=Open, expandedfirstparty=yes, ransomwarecoinsurance=10, limitanddeductibleoption=one, insuredcontactname=bhuvanesh, NatureOfReputationalRiskExposure_comment=, underwriter=Cheryl Shema, coveragepremiun=1000}]]>
              </value>
            </param>
          </params>
          <reporter-output>
          </reporter-output>
        </test-method> <!-- QuickQuoteFlowTest6 -->
        <test-method status="PASS" signature="tearDown()[pri:0, instance:com.common.qa.testcases.DCTQuickQuoteTest6@31ef45e3]" name="tearDown" is-config="true" duration-ms="1058" started-at="2021-08-11T15:32:30Z" finished-at="2021-08-11T15:32:31Z">
          <reporter-output>
          </reporter-output>
        </test-method> <!-- tearDown -->
      </class> <!-- com.common.qa.testcases.DCTQuickQuoteTest6 -->
    </test> <!-- Test -->
  </suite> <!-- Suite -->
</testng-results>
